[debug] [2026-02-16T13:25:03.778Z] ----------------------------------------------------------------------
[debug] [2026-02-16T13:25:03.787Z] Command:       /usr/local/bin/firebase /Users/estai/.cache/firebase/tools/lib/node_modules/firebase-tools/lib/bin/firebase deploy --only hosting
[debug] [2026-02-16T13:25:03.787Z] CLI Version:   14.5.1
[debug] [2026-02-16T13:25:03.787Z] Platform:      darwin
[debug] [2026-02-16T13:25:03.787Z] Node Version:  v20.18.2
[debug] [2026-02-16T13:25:03.787Z] Time:          Mon Feb 16 2026 18:25:03 GMT+0500 (GMT+05:00)
[debug] [2026-02-16T13:25:03.788Z] ----------------------------------------------------------------------
[debug] 
[debug] [2026-02-16T13:25:03.944Z] > command requires scopes: ["email","openid","https://www.googleapis.com/auth/cloudplatformprojects.readonly","https://www.googleapis.com/auth/firebase","https://www.googleapis.com/auth/cloud-platform"]
[debug] [2026-02-16T13:25:03.945Z] > authorizing via signed-in user (estaykargabay1206@gmail.com)
[debug] [2026-02-16T13:25:03.945Z] [iam] checking project diploma-work-a6f85 for permissions ["firebase.projects.get","firebasehosting.sites.update"]
[debug] [2026-02-16T13:25:03.947Z] Checked if tokens are valid: true, expires at: 1771250187807
[debug] [2026-02-16T13:25:03.948Z] Checked if tokens are valid: true, expires at: 1771250187807
[debug] [2026-02-16T13:25:03.949Z] >>> [apiv2][query] POST https://cloudresourcemanager.googleapis.com/v1/projects/diploma-work-a6f85:testIamPermissions [none]
[debug] [2026-02-16T13:25:03.949Z] >>> [apiv2][(partial)header] POST https://cloudresourcemanager.googleapis.com/v1/projects/diploma-work-a6f85:testIamPermissions x-goog-quota-user=projects/diploma-work-a6f85
[debug] [2026-02-16T13:25:03.949Z] >>> [apiv2][body] POST https://cloudresourcemanager.googleapis.com/v1/projects/diploma-work-a6f85:testIamPermissions {"permissions":["firebase.projects.get","firebasehosting.sites.update"]}
[debug] [2026-02-16T13:25:05.103Z] <<< [apiv2][status] POST https://cloudresourcemanager.googleapis.com/v1/projects/diploma-work-a6f85:testIamPermissions 200
[debug] [2026-02-16T13:25:05.103Z] <<< [apiv2][body] POST https://cloudresourcemanager.googleapis.com/v1/projects/diploma-work-a6f85:testIamPermissions {"permissions":["firebase.projects.get","firebasehosting.sites.update"]}
[debug] [2026-02-16T13:25:05.104Z] Checked if tokens are valid: true, expires at: 1771250187807
[debug] [2026-02-16T13:25:05.104Z] Checked if tokens are valid: true, expires at: 1771250187807
[debug] [2026-02-16T13:25:05.104Z] >>> [apiv2][query] GET https://firebase.googleapis.com/v1beta1/projects/diploma-work-a6f85 [none]
[debug] [2026-02-16T13:25:05.643Z] <<< [apiv2][status] GET https://firebase.googleapis.com/v1beta1/projects/diploma-work-a6f85 200
[debug] [2026-02-16T13:25:05.644Z] <<< [apiv2][body] GET https://firebase.googleapis.com/v1beta1/projects/diploma-work-a6f85 {"projectId":"diploma-work-a6f85","projectNumber":"708828846223","displayName":"itsgood","name":"projects/diploma-work-a6f85","resources":{"hostingSite":"diploma-work-a6f85","realtimeDatabaseInstance":"diploma-work-a6f85-default-rtdb","locationId":"us-central"},"state":"ACTIVE","etag":"1_59cab457-6993-49cc-a5e4-10eed85c61ff"}
[info] 
[info] === Deploying to 'diploma-work-a6f85'...
[info] 
[info] i  deploying hosting 
[debug] [2026-02-16T13:25:05.650Z] Checked if tokens are valid: true, expires at: 1771250187807
[debug] [2026-02-16T13:25:05.650Z] Checked if tokens are valid: true, expires at: 1771250187807
[debug] [2026-02-16T13:25:05.651Z] >>> [apiv2][query] POST https://firebasehosting.googleapis.com/v1beta1/projects/-/sites/diploma-work-a6f85/versions [none]
[debug] [2026-02-16T13:25:05.651Z] >>> [apiv2][body] POST https://firebasehosting.googleapis.com/v1beta1/projects/-/sites/diploma-work-a6f85/versions {"status":"CREATED","labels":{"deployment-tool":"cli-firebase"}}
[debug] [2026-02-16T13:25:07.589Z] <<< [apiv2][status] POST https://firebasehosting.googleapis.com/v1beta1/projects/-/sites/diploma-work-a6f85/versions 200
[debug] [2026-02-16T13:25:07.589Z] <<< [apiv2][body] POST https://firebasehosting.googleapis.com/v1beta1/projects/-/sites/diploma-work-a6f85/versions {"name":"projects/708828846223/sites/diploma-work-a6f85/versions/0714dd1106205043","status":"CREATED","config":{},"labels":{"deployment-tool":"cli-firebase"}}
[info] i  hosting[diploma-work-a6f85]: beginning deploy... 
[info] i  hosting[diploma-work-a6f85]: found 135 files in . 
[debug] [2026-02-16T13:25:07.646Z] [hosting] uploading with 200 concurrency
[debug] [2026-02-16T13:25:07.748Z] Checked if tokens are valid: true, expires at: 1771250187807
[debug] [2026-02-16T13:25:07.750Z] Checked if tokens are valid: true, expires at: 1771250187807
[debug] [2026-02-16T13:25:07.755Z] [hosting] hash cache [] stored for 135 files
[debug] [2026-02-16T13:25:07.755Z] [hosting][hash queue][FINAL] {"max":97,"min":0,"avg":16.835887753840844,"active":0,"complete":135,"success":135,"errored":0,"retried":0,"total":135,"elapsed":106}
[debug] [2026-02-16T13:25:07.756Z] >>> [apiv2][query] POST https://firebasehosting.googleapis.com/v1beta1/projects/708828846223/sites/diploma-work-a6f85/versions/0714dd1106205043:populateFiles [none]
[debug] [2026-02-16T13:25:07.756Z] >>> [apiv2][body] POST https://firebasehosting.googleapis.com/v1beta1/projects/708828846223/sites/diploma-work-a6f85/versions/0714dd1106205043:populateFiles {"files":{"/wiki_signs.json":"bdfc76cda9f9d2ff07a311022baa00aa848aa1ff2159fc0db0ab84a8fad51a59","/wiki_raw.html":"9a00e6372b62844bda2757ab81fdebf11b846cf6cae256df7114731bebfd56ef","/style.css":"147e7015bad7133e4848342d9fa11a07842664c2165fb52c8f578de12a4d2757","/index.html":"5a500db1bdfc6f96764b33a7cfa5e21a440ea672338187cb83611dc36beb52c7","/.gitignore":"3babb32099461e03281ee0a3deaa907a9d49e547720a56c1705ae17e410ea1df","/images/Screenshot 2026-02-16 at 5.51.01 PM.png":"62ce58967dddc22c89eb3e5d9e40c0433451e7bec2396fc1f5ef5aaf76e529a2","/images/Screenshot 2026-02-16 at 5.49.22 PM.png":"77a41304317080b947736ea96339284eda64ab1ee11d4fd0d45f8b5e5b8790b3","/images/Screenshot 2026-02-16 at 5.48.24 PM.png":"1cffe6580fab2f3bd52f530a66114493c4b08dfa9b1c85ca0e4f87ed06ace3da","/images/Screenshot 2026-02-16 at 5.43.14 PM.png":"22e1c3a50d11d031a8367ec7d785e9b5437e3ccfe146da91aee9fd63a8c88fcd","/images/Screenshot 2026-02-16 at 5.42.07 PM.png":"7e797202886fc26aa39b0cb839283ad91846437223b7d39706c5d1eb4e342cf3","/images/Screenshot 2026-02-16 at 5.40.04 PM.png":"939692dc4de3a65e27083e97c16815124da22a5c6d482bbb2d9b29f492c62c7d","/images/Screenshot 2026-02-16 at 5.38.27 PM.png":"0ddf2eeb7d773608e8ce2f16f4f365720f8cfbd74dea29383cbf518975515126","/images/Screenshot 2026-02-16 at 5.37.42 PM.png":"c979af649612b4c19b0191b191a37f1e442be7f0a5702af69d790e64dc888e29","/images/Screenshot 2026-02-16 at 1.09.57 AM.png":"4a3a3fd578901500442e88ca01bd2ae2d8f51ffd2e14f14acbb7569c0508ca8a","/images/Screenshot 2026-02-16 at 1.05.06 AM.png":"536690d51893bf366f1a8666eaf1bbba82f845fe7ef23a2d2546c1169dbc3242","/images/Screenshot 2026-02-16 at 1.01.50 AM.png":"b9244210db5b0129d7f8df62e316b18784dab4d5c1ea858935c3c6ea670f89eb","/images/Screenshot 2026-02-15 at 4.33.16 PM.png":"12bc535ac468a90796fe002d4777df52f2edd3cda3487d2496cd21a31711093f","/images/Screenshot 2026-02-15 at 4.31.29 PM.png":"7eab3f12fb7bef0cea515aaf990d8b1f5361a81bd8df8749d6fc6382195329c3","/images/Screenshot 2026-02-15 at 4.29.27 PM.png":"35e9aea77d032d730e25a03c3a09779b08f4f72abf8001d48f746927308cc0bf","/images/Screenshot 2026-02-15 at 4.26.48 PM.png":"326876c87f5c02213d98e08c1dafa40d940a35ddff702dfe333f0e449c0f1b70","/images/Screenshot 2026-02-15 at 4.23.47 PM.png":"b18c4bd201a5303426f4b3c21c5c43faac5320497f82eaf00cbdfcf79be09a04","/images/Screenshot 2026-02-15 at 4.17.21 PM.png":"cf6c1b2945beb68f0a544a5eb0c8a459a4d690cb4e64e4999668ba82060750aa","/images/Screenshot 2026-02-15 at 4.11.04 PM.png":"505375f08ebbaf31eec76ff109ea25ff50dfe64bb4acad81422988f0d50e2039","/images/Screenshot 2026-02-15 at 11.59.42 PM.png":"b660f3e91f52c23c9b1a6b3c5a29fee7fdcb196426f0799aa141bb5f53e33d81","/images/Screenshot 2026-02-15 at 11.51.35 PM.png":"9f6486a68624d4a51aa6389c427fc4f610b00054dca038d0a3dec050fcbea68d","/images/Screenshot 2026-02-15 at 11.47.58 PM.png":"529ee7eb2704b316415bf514fa5e4fcfe044d49411837f11421d145fdfc5fdf6","/images/Screenshot 2026-02-15 at 11.46.58 PM.png":"22fbee7adbfe592e686d8dcf613688eda084af0d956e1a3467cec14f72c83ae2","/images/Screenshot 2026-02-15 at 11.39.59 PM.png":"6fa58c77290bdce1e2dcaff6a239ae77575773b2afc46aed6d61d9163ee94ca4","/images/Screenshot 2026-02-15 at 11.36.11 PM.png":"ea03eabe8d86cae449eb3b44e915ffc50becbd25327c8125a95ba2ea8441669e","/images/Screenshot 2026-02-15 at 11.35.18 PM.png":"cf57dbcaab25a97c1161e662330195af6bda26f3c238a09b73c46175ce746888","/images/Screenshot 2026-02-15 at 11.34.01 PM.png":"29c8d742dbd27e5cccfecac699805fddd14103c66571afb81f35f16af5bb7a58","/images/Screenshot 2026-02-15 at 11.29.36 PM.png":"c032afeeadfcaf47cde7f16d9b78b95f79c58753b66e4842960103f1855ff34b","/images/Screenshot 2026-02-10 at 11.17.21 PM.png":"eb5b2bb009beda01dc66630d04a6bb8485778363098dad014208fe832382d352","/.git/description":"3cdc7b6a29de07f63b76d16b9911d93468000346945f759d4f6456660b5c113b","/.git/config":"b5f00a9a772c75c94117c2ad9c34afe09f4c16cce402354476d37ac66eb4096e","/.git/HEAD":"a39dc51e21d1523cdef2091e7c7ab30a33ad42a7cd5da1f45139746e5c24b667","/.git/objects/fd/f9c8c49689461b9f8bdae0627983ed337d4eeb":"440b66a4b56e5fee9dbf4ab12bc5bc20d440d2387a4539b9b9a1a9b7659bac64","/.git/objects/f7/2becc2b4438b022c774b2d6a6c9624c886850e":"338e0f7cab4929e91758c42d1368c81f1dd1686c5bdbb9dd64ce13e3c437dca4","/.git/objects/f1/a7c33a659ea471367ede459e14dbb9331e7939":"74532c69fc7752e216d4edbbb72e2d246bfc9a742861fd626764b7381ed05793","/.git/objects/f0/c1b9607e62a3f2ea19b5e7bfdbfb6b75701ae3":"419b33938052c6aae72fa413be69ce2a638a301e5372d5b8092ec35b62ea6305","/.git/objects/e0/83dbbdd9834c32c0fcd158c45b137a7c8fd565":"6ab0fa87ff9e98c16bd94b8bfbe93be9ee33e097e3ee97292c04ca0d7a1fe5d9","/.git/objects/de/76a3ae9a1adba4378e04ddc257e373a1386c48":"2f1a1843b231d4e3a051cc93b504f4d5dfdb1c38dc1d2e94dfe946828fb05f78","/.git/objects/c9/f2af99b989d479206de64579ec554999d131d5":"df379d9f740d76125b90b8ed4dc8d9fa098d71ead90be5a9ce631d5880ca343d","/.git/objects/c3/87e004c6cff451339763cb0127df2051cdbf2d":"211b296c896da28d24f7a005f63ca085f3bda7013cfc9fe1d60f942f784650bd","/.git/objects/c0/ba9f7f505ea10245ee6e077e67100103946c86":"e1ae6609fd23eacf600f754982846b15bb30fbbde22cf66f0c4b7e11b4d6b4bb","/.git/objects/bc/e8226a83a07516962fdfb48cb6a0d773cb6252":"910bdd61a03d9b1bebfa8c8ec5e5224a65b3595c746e25c54f1599d9668dbc96","/.git/objects/b9/4bf25a749f854b8563864acf63132d8c9dbc9b":"78f7b635aa1aeaae4548b9430ec2b5b076d89c933801b7c2ad5f315a6c844b71","/.git/objects/a7/eb6c16e58373e9bad2d413728c0350f5a2e490":"227a8d79d84bdacce37af15a81ba31814d484c4ab4312cd67533f6fca793f52d","/.git/objects/93/5d6cdebcea8559f0fb27b3a50e36aa8d54b56a":"a6d64ea3b67441264cf1a950a7c9d88dad042713387bd71e08b52496f5515aa4","/.git/objects/8d/ea03cf4eee287649a199b247e707487263442b":"37d904d43ac9e7f0d0d9ac717e045db5163b9fd94099b5529432ca98ee2194b1","/.git/objects/84/9eff4a3267509d1dc9c63e1dbb031a6072bfe6":"7012647a8e633aa8396e3b4808e32d3e053de6a47179c1dc7c4df2660b31743f","/.git/objects/7c/80e7ff0afe86d7571528228ba5710df2f1172b":"b342a108f28cba131758a12f69be16b87038a7c7497ba6c72c3a588d44c420e3","/.git/objects/70/06991f4c943d74309fc764884109cdbafbc8c4":"28f424854a9cff93215636d0487e6502627959de7dc51e4cd2f88f9b5412fdf3","/.git/objects/52/9ae1833a72b3b4c3d2bfbb671bce5e4c8a82cd":"59a461963fffe43a5a3009ae85aa80a1c9fdf765e6f1fe3af24eb158134232e2","/.git/objects/47/86972836b02a13ff8a69bb34d88d625c487ac9":"1d9ea9a747e56edaef55ea83ff8a732b271602326f1a135c6d4c1c435ddd70a9","/.git/objects/28/0295fa18be4abf50b0994df89eca07e91d2090":"5235ce59209561bd7e7ff9372b7d21664a584ef648e6e3569ac71ecc544dee8a","/.git/objects/24/4db8a6844dcfe7d5ace23330e00fc40f1c1093":"df284c2ba231b1a37bd1e3e6f47bf843d1c444a737e20074cf0f08d11d7dc00b","/.git/objects/19/6ec4513a1828296662303ce70a02cb6a2a8e69":"1e38c98e59dc2856dd2e139d58c0787dc06eeaf9a5d928564fae05bc203b6779","/.git/objects/16/304a5e2fdd36ddc1164094d9a64933d2af9b8c":"b760f9597a9debb5d27a9d65ad38a07dc17c840be7ddb5e030b3b272044ac9a2","/.git/ORIG_HEAD":"ca3d473028b22f9188f751e495a0db3a177186b8f67d0e67590d8f1499ab801f","/.git/objects/10/493b792defe4de51881049fa34790dec8e7d00":"af13598a984df738d27547972cbf851ea4f5dabec2fc39cdecd244b2cbee5550","/.git/objects/0d/289a613921bfc2217b608407e4f160ee553925":"53dd2a74d0fceed521348ec319c6db00e963eb17cc619d7f16cb6b25bd9b7121","/.git/objects/0b/c834c3cff8e57e36b30f0e435275ea74245c16":"d724eac593cc8c95abb8c31c1c43dc838cd9ee07916914e4be0b1422995624f8","/.git/objects/08/691f8061334bb7296250934479e1f44f73dfae":"a044cd34e5d2bb9e6328bb880e725cf2f5ed7ad9d64e5930c5792d4fccda9cff","/.git/FETCH_HEAD":"acafd24f6816e7fa0369df97f5a914f9fc8ce224e1c7d979dc1632359880cb12","/.git/COMMIT_EDITMSG":"c2fb51783fa570b547fb1d798dd0022142b5e07102aaff9f12e0c2a07e8beb98","/.git/index":"f535e0a04ae85dc983751670b625d1cd5d549db4cfc885a698e02639eb8c08c4","/.git/refs/heads/main":"ca3d473028b22f9188f751e495a0db3a177186b8f67d0e67590d8f1499ab801f","/.git/refs/remotes/origin/main":"ca3d473028b22f9188f751e495a0db3a177186b8f67d0e67590d8f1499ab801f","/.DS_Store":"d71440f26506695380a2f5d3054ef8f959cbcd23450783c3375fb9a3351ce894","/.git/objects/ca/973996293a58e0c4ec91835b6033b8e20f3f39":"5ddea8a9b9fc3b4698899985c4d39b371188a6fd46aa974066bba0aa7b390f93","/images/.DS_Store":"d51bcfa2aea075674da9dd0942dc8dc4eb12a267051d2173ddab8fb657f96f16","/.git/info/exclude":"a362e375cc3330f10d115cfeb0f90a325219d80a764d57e2c4873f78d1d0b4f5","/.git/hooks/update.sample":"2b0a4f42fa30a128b46ad80e89c1f73b89d58b8abb9e92aee1c35625baccb584","/.git/hooks/push-to-checkout.sample":"ede5681c63b8ad6d42fcae835820651b7dfa044bc14fa0da0b7ce9bc54bd7f18","/.git/hooks/prepare-commit-msg.sample":"9b3c070fc0608b04e690a7dd7c17419759fbed06932985aed32e306418e86ed2","/.git/hooks/pre-receive.sample":"b703160503002ea73605a1b54a8183989f66e6530c125fbd1595339048ebd856","/.git/hooks/pre-rebase.sample":"b3f2e1f9de52a3895458d3a6f5e5a1ad139f688bcbc358d6e9d31888f7e84829","/.git/hooks/pre-push.sample":"8109b3dc5744bb0e115ee8e53ff7a7617ce4396aaa646538e068a6f09338447d","/.git/hooks/pre-merge-commit.sample":"0479d217dc6329cbba403c8254db7b9ee6c028f62f55db3641b0690373679b25","/.git/hooks/pre-commit.sample":"ed086bc79b04304e2d3f82ce9bf7d66a9fc1bde08016f694501e8e0d38469505","/.git/hooks/pre-applypatch.sample":"defbdbcdbf096439878474d3b12ed4b5a63dec7400ecde5f4b60a496391d64d0","/.git/hooks/post-update.sample":"3d5b0c2026371e835c791d4b25099e98b1d507971ed6bfb639ae56a321309aeb","/.git/hooks/fsmonitor-watchman.sample":"d366d691e33458260d77c44be36050a3faf0aa12760955cc8ca85ee88389c400","/.git/hooks/commit-msg.sample":"4df962ba3955944bec38b211351c73f083d7b0e5360a5d3d76a49548e7314f9e","/.git/hooks/applypatch-msg.sample":"91b94f5feaf0e4d2e6e7808a9188384a4300adf024fa24c48547ee87c64d6558","/.git/objects/c1/7256031cc0070c331bb049be44eb13d2e0e052":"b1018deb8fdeef39d47253f5493e99fb8b0b1badcbc5c7bd82e2515cc8bd7189","/.git/objects/8b/423fe5d1413f9718d582c61be8f9e4d3717123":"aa80461d71d72363cc140c05b16a22726ddeda957b1bd953197244be1f9259db","/.git/objects/79/c0017e2684d993d99369ea8c41c8e27fcc381b":"a3845a2c32856b98cd25e1ed2df3abed9a020319159c049f79aa6bd1180af9d8","/.git/objects/73/2650c1a87b8a727ae7459de53b210d66bd4fc5":"04e7da2c43ac7aa916eaf52b4fff02ca45ce8e33f1f89f870cf86bfa11214101","/.git/objects/70/aab7f719af80d16e856e1e59fbe17d57b4244c":"de66258f626019520da2d5d98329a761f6b3e136d56ba78f02a5355440c4ac90","/.git/objects/44/323e821f5cd0892487795552c624ec89e830e0":"7f4e51f0735f982bd7d171818354e090080cdec07749a130e12678c6bfab088a","/.git/objects/36/94072146b1e78e3aa92ddabaa6572e80fb616d":"d58b5f05d0531498b146300d6d5d71fe1353a5ed2d92d78b5f86a8ee8caeb691","/.git/objects/11/6d072785b45ac8149e9fc762ddd6da3d5b2170":"88925f4abffa5dd1120599a3a78262eaa131e8a971c01d172da5d42d6695d1ae","/.git/objects/16/cdd2f5679e9b3d4ed9e595ffc4f2fec7203f76":"b581d6902a000a3fa0feec23649936ad47d1c920054293fab3b07017093b230e","/.git/objects/39/2bd91290b7d16f55ea7cec28cfb595fe95fd6b":"910b0c7217567409c6e60544335336980af279751a7487ecf82cfaea088d942c","/.git/objects/c6/b1fb2c0f0d5284866522b77e4fd9d0b822a492":"b771b6554a76a7430bdc806763b71461f1cdcb21bdaf98f0024a6a3e2807bb5d","/.git/objects/9d/87bb863ffc45b35ca8c23c5eabd052bd98af7e":"b957fd98c460d372b6297917adad7dd4a6f296c6a388f2625824d745bda0218e","/.git/objects/65/794cc595147b77508a8bb31f8374892080ec6c":"8b14da88a4847fac2095c99d81b2ea0db820cc6151f29445831182406b537644","/.git/objects/58/1493a16ae3bfa1285f44ff4596129f4e19ad1b":"ef1b2693ab9f32e1e6901908ddadadf261eb4ec348b2b749b94a177908ab33e5","/.git/objects/26/9e973edb55558090b41a2c0af778671b009b4e":"cf1e887cee196b8272efdda187bd3101490ff59c97e68e40e379e7cb46a3b2c6","/.git/logs/HEAD":"6e5cb0e5dc62f43459142e048db68f27c3e7427ad66dd9701a99893ea5e7cc3f","/.git/objects/02/6763c71e1ace8c2b38265b65051d6933926e51":"aea24f55b4463ef7dc35b0002be8898330f5512309f00fc806a6fa7900b84a5e","/.git/logs/refs/heads/main":"6e5cb0e5dc62f43459142e048db68f27c3e7427ad66dd9701a99893ea5e7cc3f","/.git/logs/refs/remotes/origin/main":"0fe2523f3b196627c2efec9d6b0cd91db29c605004d3a4db3edb261bec05d482","/.git/objects/02/65926b2f95685c9087ba767ba8b1a0934f0dba":"be6323af4ae36a0e5f304b788c1731fcd5d15124d6fb0f8eafecb49b9b885513","/.git/objects/ee/a16ce03697aa41972425dd0fd569e290550298":"2e3570c38e90c3172fb60b6177042275d45d8de45330836944b3afe8c546ccbe","/.git/objects/45/26cfe2bc82758a1ee346a19e406374702ac452":"4c0243f863afe62b0e14c0dcef59d30a54719782cad6a5e265302a97e14d262a","/.git/objects/03/ac15c687e7509b45ca0b5e0e9908db2f903789":"df2d04fcfd78a0f2b9cdb4e7c8aa49b5eb88ec8738744c85b3d9fbce9bc354ea","/.git/objects/36/9f1382c4c584034111b70486d3de9ae4a09b43":"1131102914cb6ea5d02aaae27fa9f29f9ca6c8cf34fe2a8b420b1449524ed819","/.git/objects/44/ca85a6d88fe0dacbbefbb10d25f988f15801a9":"4d11839b36fd32974f91a1544fc2743ad350d0e82f60a3dc482f11d635ea5421","/.git/objects/04/a2d6dcf39308204904c0c9624a1fe7612c35a8":"0a8cafe31a1045e6ec064f391517e7d6a58da09a7c9dfff319e69ca4d0e8ef59","/.git/objects/a1/4f060941b069edbeea40df36d080c993657a1e":"09cf748da8778a9ab8480682f41939f6a5c0aefe0913d50e5a29d8c4d7d03439","/.git/objects/9c/87b0aa9cd1b54e941300fad8594784cf5a2f27":"848603daf0cb4340941e893a14d7ecc36ab4e65542670352fd9b3259d0a9a094","/.git/objects/c5/cb3ece519aef6843a6f7d1b072453c054fd452":"4e7973b72ecdcaefb2795ef6a30a47b7d713379b754ed93fa8af35959f565ef5","/.git/objects/50/f571bafb09db23309a88d6f90383bd1028133c":"f203d6b6e99c705e9d2df745b015e35790177fe260677b271958a6ef0fb4be2e","/.git/objects/49/f3d4b7533bb132131a09b63b6e8e0a4d635b37":"df440e93946835a31049f5949b32ab788d3192ec1130cbed356411d41e944e5e","/.git/objects/70/9ae0b6b204846c6f023689f46cc317c710024e":"d13205b09ce49f52d6b00a208768f5ebb7eafe024487d4823211d3f5f72065bd","/.git/objects/9b/18c49be7b9294ec0e154ea78fdff1f76bd51f7":"4be6c7ed4cdd48ea61c405badd67bc75cf0de94cfae8830fc03aabf416487970","/images/Screenshot 2026-02-16 at 6.20.26 PM.png":"588a0ca8f101f0c4b6dda3dc1e7f80c558706dd5c9cac37e594344b356b74a45","/.git/objects/02/d0aaa4b7c1fb23f8cfbccc21cd8f8b83ee1878":"f6a49bccf1a2e7dd0ab6fee12e483afe11b240943f8c40d54a072b00506eaee5","/.git/objects/a4/3b1315a06b7c1caca7ca3e44f0d481de5f3bd8":"20f5cfa3acbeaffccbfdcbfb646d8f40ab472b3bdb3501505535a90b520a50b8","/.git/objects/4c/d4581accf6db556ac13c8bf40272b92be70af4":"6fcba895f80c9e64a049f3b2a1b911afbbc93b5ee3a3d8f77d1b330a876e6e92","/.git/objects/a4/f9a02e175c55f6503842f99ec4cbaf58b1b8ab":"f1f8e19391abef74ae53f37201552884db1311df60747b0fa51999b46c5d50da","/.git/objects/fb/7b3ac762002b5a8cf6d4ee1357f1377cff61b0":"97cab1fbf04b3737914901578b4d4bf8468b5cede61553e4ab9868b7197f2a55","/.git/objects/4b/c9ea1f096c2d2929663117de6f2df22dcfb60f":"06277c37962938d34b919d83d68190aeab7f1a2b9ba89fe7600cc310c962f55b","/.git/objects/59/7513cc748eedde98e530f66b232e47da02a58c":"02f800cd468000291dcfc5b9e88796d0153479412443f99419ba10b830292357","/images/Screenshot 2026-02-16 at 6.07.33 PM.png":"6684d86aae0e440c1cbfec3a385641fa4e8c2a9215dc02131513fadf15990f5b","/.git/objects/92/a38d0dcb7874f1b6f35e23d10bf42ce47e2e3e":"2452de990a51e4b6df314dce64b1464516dc0d29993a175f11450f00d20f1a4e","/.git/objects/1f/4599c729e8667f9a3e3079a0639e198cbaebae":"5cc562b2635abd3fdb6bd717adbbfefa0a24aa40c938ffd56d8be2454d881e61","/.git/objects/db/f8bf2ed5965d6c509dec39398d0673a232d3ee":"e7e95319fbda509c91f8b683be76591f3133723ce972b6b905d0d53ed55e1f8d","/.git/objects/f4/fab2bd5145729fdd7c2495097990f7a9538a52":"c4d18b3f13a2c018f67277c0bc6dbbef692a27bed58ef20163137cadb6f93c3b","/.git/objects/cc/9dcf0420ae289838aeb7c7b8242687d3ed01ec":"724fff5f7cb8a82af843081d9014d847cb3a51de8002c2153b8f98b7ebebeec9","/.git/objects/a7/267cb1fcaf2c7a9519d3510c8679fc02b38863":"92015c34aba4b8617adfac89b70167c4e072bef45749722349f929fd722ab5db","/images/Screenshot 2026-02-16 at 6.21.59 PM.png":"945b8c2713d32951fed7d356015abf767e5e7ab6c15731704cba09b56c1f6ef6"}}
[debug] [2026-02-16T13:25:08.528Z] <<< [apiv2][status] POST https://firebasehosting.googleapis.com/v1beta1/projects/708828846223/sites/diploma-work-a6f85/versions/0714dd1106205043:populateFiles 200
[debug] [2026-02-16T13:25:08.528Z] <<< [apiv2][body] POST https://firebasehosting.googleapis.com/v1beta1/projects/708828846223/sites/diploma-work-a6f85/versions/0714dd1106205043:populateFiles {"uploadRequiredHashes":["de66258f626019520da2d5d98329a761f6b3e136d56ba78f02a5355440c4ac90","4be6c7ed4cdd48ea61c405badd67bc75cf0de94cfae8830fc03aabf416487970","1131102914cb6ea5d02aaae27fa9f29f9ca6c8cf34fe2a8b420b1449524ed819","20f5cfa3acbeaffccbfdcbfb646d8f40ab472b3bdb3501505535a90b520a50b8","e7e95319fbda509c91f8b683be76591f3133723ce972b6b905d0d53ed55e1f8d","0fe2523f3b196627c2efec9d6b0cd91db29c605004d3a4db3edb261bec05d482","aa80461d71d72363cc140c05b16a22726ddeda957b1bd953197244be1f9259db","4d11839b36fd32974f91a1544fc2743ad350d0e82f60a3dc482f11d635ea5421","6684d86aae0e440c1cbfec3a385641fa4e8c2a9215dc02131513fadf15990f5b","04e7da2c43ac7aa916eaf52b4fff02ca45ce8e33f1f89f870cf86bfa11214101","be6323af4ae36a0e5f304b788c1731fcd5d15124d6fb0f8eafecb49b9b885513","f203d6b6e99c705e9d2df745b015e35790177fe260677b271958a6ef0fb4be2e","4c0243f863afe62b0e14c0dcef59d30a54719782cad6a5e265302a97e14d262a","a3845a2c32856b98cd25e1ed2df3abed9a020319159c049f79aa6bd1180af9d8","d13205b09ce49f52d6b00a208768f5ebb7eafe024487d4823211d3f5f72065bd","4e7973b72ecdcaefb2795ef6a30a47b7d713379b754ed93fa8af35959f565ef5","848603daf0cb4340941e893a14d7ecc36ab4e65542670352fd9b3259d0a9a094","b581d6902a000a3fa0feec23649936ad47d1c920054293fab3b07017093b230e","8b14da88a4847fac2095c99d81b2ea0db820cc6151f29445831182406b537644","7f4e51f0735f982bd7d171818354e090080cdec07749a130e12678c6bfab088a","b1018deb8fdeef39d47253f5493e99fb8b0b1badcbc5c7bd82e2515cc8bd7189","ef1b2693ab9f32e1e6901908ddadadf261eb4ec348b2b749b94a177908ab33e5","f1f8e19391abef74ae53f37201552884db1311df60747b0fa51999b46c5d50da","f6a49bccf1a2e7dd0ab6fee12e483afe11b240943f8c40d54a072b00506eaee5","06277c37962938d34b919d83d68190aeab7f1a2b9ba89fe7600cc310c962f55b","88925f4abffa5dd1120599a3a78262eaa131e8a971c01d172da5d42d6695d1ae","acafd24f6816e7fa0369df97f5a914f9fc8ce224e1c7d979dc1632359880cb12","6e5cb0e5dc62f43459142e048db68f27c3e7427ad66dd9701a99893ea5e7cc3f","588a0ca8f101f0c4b6dda3dc1e7f80c558706dd5c9cac37e594344b356b74a45","d71440f26506695380a2f5d3054ef8f959cbcd23450783c3375fb9a3351ce894","d58b5f05d0531498b146300d6d5d71fe1353a5ed2d92d78b5f86a8ee8caeb691","97cab1fbf04b3737914901578b4d4bf8468b5cede61553e4ab9868b7197f2a55","2452de990a51e4b6df314dce64b1464516dc0d29993a175f11450f00d20f1a4e","df2d04fcfd78a0f2b9cdb4e7c8aa49b5eb88ec8738744c85b3d9fbce9bc354ea","92015c34aba4b8617adfac89b70167c4e072bef45749722349f929fd722ab5db","b957fd98c460d372b6297917adad7dd4a6f296c6a388f2625824d745bda0218e","ca3d473028b22f9188f751e495a0db3a177186b8f67d0e67590d8f1499ab801f","6fcba895f80c9e64a049f3b2a1b911afbbc93b5ee3a3d8f77d1b330a876e6e92","02f800cd468000291dcfc5b9e88796d0153479412443f99419ba10b830292357","b771b6554a76a7430bdc806763b71461f1cdcb21bdaf98f0024a6a3e2807bb5d","f535e0a04ae85dc983751670b625d1cd5d549db4cfc885a698e02639eb8c08c4","2e3570c38e90c3172fb60b6177042275d45d8de45330836944b3afe8c546ccbe","c4d18b3f13a2c018f67277c0bc6dbbef692a27bed58ef20163137cadb6f93c3b","724fff5f7cb8a82af843081d9014d847cb3a51de8002c2153b8f98b7ebebeec9","aea24f55b4463ef7dc35b0002be8898330f5512309f00fc806a6fa7900b84a5e","910b0c7217567409c6e60544335336980af279751a7487ecf82cfaea088d942c","09cf748da8778a9ab8480682f41939f6a5c0aefe0913d50e5a29d8c4d7d03439","df440e93946835a31049f5949b32ab788d3192ec1130cbed356411d41e944e5e","cf1e887cee196b8272efdda187bd3101490ff59c97e68e40e379e7cb46a3b2c6","5ddea8a9b9fc3b4698899985c4d39b371188a6fd46aa974066bba0aa7b390f93","945b8c2713d32951fed7d356015abf767e5e7ab6c15731704cba09b56c1f6ef6","c2fb51783fa570b547fb1d798dd0022142b5e07102aaff9f12e0c2a07e8beb98","5cc562b2635abd3fdb6bd717adbbfefa0a24aa40c938ffd56d8be2454d881e61","0a8cafe31a1045e6ec064f391517e7d6a58da09a7c9dfff319e69ca4d0e8ef59"],"uploadUrl":"https://upload-firebasehosting.googleapis.com/upload/sites/diploma-work-a6f85/versions/0714dd1106205043/files"}
[debug] [2026-02-16T13:25:08.529Z] Checked if tokens are valid: true, expires at: 1771250187807
[debug] [2026-02-16T13:25:08.529Z] Checked if tokens are valid: true, expires at: 1771250187807
[debug] [2026-02-16T13:25:08.529Z] Checked if tokens are valid: true, expires at: 1771250187807
[debug] [2026-02-16T13:25:08.529Z] Checked if tokens are valid: true, expires at: 1771250187807
[debug] [2026-02-16T13:25:08.530Z] Checked if tokens are valid: true, expires at: 1771250187807
[debug] [2026-02-16T13:25:08.530Z] Checked if tokens are valid: true, expires at: 1771250187807
[debug] [2026-02-16T13:25:08.530Z] Checked if tokens are valid: true, expires at: 1771250187807
[debug] [2026-02-16T13:25:08.530Z] Checked if tokens are valid: true, expires at: 1771250187807
[debug] [2026-02-16T13:25:08.530Z] Checked if tokens are valid: true, expires at: 1771250187807
[debug] [2026-02-16T13:25:08.530Z] Checked if tokens are valid: true, expires at: 1771250187807
[debug] [2026-02-16T13:25:08.530Z] Checked if tokens are valid: true, expires at: 1771250187807
[debug] [2026-02-16T13:25:08.530Z] Checked if tokens are valid: true, expires at: 1771250187807
[debug] [2026-02-16T13:25:08.530Z] Checked if tokens are valid: true, expires at: 1771250187807
[debug] [2026-02-16T13:25:08.530Z] Checked if tokens are valid: true, expires at: 1771250187807
[debug] [2026-02-16T13:25:08.530Z] Checked if tokens are valid: true, expires at: 1771250187807
[debug] [2026-02-16T13:25:08.530Z] Checked if tokens are valid: true, expires at: 1771250187807
[debug] [2026-02-16T13:25:08.530Z] Checked if tokens are valid: true, expires at: 1771250187807
[debug] [2026-02-16T13:25:08.530Z] Checked if tokens are valid: true, expires at: 1771250187807
[debug] [2026-02-16T13:25:08.530Z] Checked if tokens are valid: true, expires at: 1771250187807
[debug] [2026-02-16T13:25:08.530Z] Checked if tokens are valid: true, expires at: 1771250187807
[debug] [2026-02-16T13:25:08.530Z] Checked if tokens are valid: true, expires at: 1771250187807
[debug] [2026-02-16T13:25:08.530Z] Checked if tokens are valid: true, expires at: 1771250187807
[debug] [2026-02-16T13:25:08.530Z] Checked if tokens are valid: true, expires at: 1771250187807
[debug] [2026-02-16T13:25:08.530Z] Checked if tokens are valid: true, expires at: 1771250187807
[debug] [2026-02-16T13:25:08.530Z] Checked if tokens are valid: true, expires at: 1771250187807
[debug] [2026-02-16T13:25:08.530Z] Checked if tokens are valid: true, expires at: 1771250187807
[debug] [2026-02-16T13:25:08.530Z] Checked if tokens are valid: true, expires at: 1771250187807
[debug] [2026-02-16T13:25:08.530Z] Checked if tokens are valid: true, expires at: 1771250187807
[debug] [2026-02-16T13:25:08.531Z] Checked if tokens are valid: true, expires at: 1771250187807
[debug] [2026-02-16T13:25:08.531Z] Checked if tokens are valid: true, expires at: 1771250187807
[debug] [2026-02-16T13:25:08.531Z] Checked if tokens are valid: true, expires at: 1771250187807
[debug] [2026-02-16T13:25:08.531Z] Checked if tokens are valid: true, expires at: 1771250187807
[debug] [2026-02-16T13:25:08.531Z] Checked if tokens are valid: true, expires at: 1771250187807
[debug] [2026-02-16T13:25:08.531Z] Checked if tokens are valid: true, expires at: 1771250187807
[debug] [2026-02-16T13:25:08.532Z] Checked if tokens are valid: true, expires at: 1771250187807
[debug] [2026-02-16T13:25:08.532Z] Checked if tokens are valid: true, expires at: 1771250187807
[debug] [2026-02-16T13:25:08.532Z] Checked if tokens are valid: true, expires at: 1771250187807
[debug] [2026-02-16T13:25:08.532Z] Checked if tokens are valid: true, expires at: 1771250187807
[debug] [2026-02-16T13:25:08.532Z] Checked if tokens are valid: true, expires at: 1771250187807
[debug] [2026-02-16T13:25:08.532Z] Checked if tokens are valid: true, expires at: 1771250187807
[debug] [2026-02-16T13:25:08.532Z] Checked if tokens are valid: true, expires at: 1771250187807
[debug] [2026-02-16T13:25:08.532Z] Checked if tokens are valid: true, expires at: 1771250187807
[debug] [2026-02-16T13:25:08.532Z] Checked if tokens are valid: true, expires at: 1771250187807
[debug] [2026-02-16T13:25:08.532Z] Checked if tokens are valid: true, expires at: 1771250187807
[debug] [2026-02-16T13:25:08.532Z] Checked if tokens are valid: true, expires at: 1771250187807
[debug] [2026-02-16T13:25:08.532Z] Checked if tokens are valid: true, expires at: 1771250187807
[debug] [2026-02-16T13:25:08.532Z] Checked if tokens are valid: true, expires at: 1771250187807
[debug] [2026-02-16T13:25:08.532Z] Checked if tokens are valid: true, expires at: 1771250187807
[debug] [2026-02-16T13:25:08.532Z] Checked if tokens are valid: true, expires at: 1771250187807
[debug] [2026-02-16T13:25:08.532Z] Checked if tokens are valid: true, expires at: 1771250187807
[debug] [2026-02-16T13:25:08.533Z] Checked if tokens are valid: true, expires at: 1771250187807
[debug] [2026-02-16T13:25:08.533Z] Checked if tokens are valid: true, expires at: 1771250187807
[debug] [2026-02-16T13:25:08.533Z] Checked if tokens are valid: true, expires at: 1771250187807
[debug] [2026-02-16T13:25:08.533Z] Checked if tokens are valid: true, expires at: 1771250187807
[debug] [2026-02-16T13:25:08.533Z] Checked if tokens are valid: true, expires at: 1771250187807
[debug] [2026-02-16T13:25:08.533Z] Checked if tokens are valid: true, expires at: 1771250187807
[debug] [2026-02-16T13:25:08.533Z] Checked if tokens are valid: true, expires at: 1771250187807
[debug] [2026-02-16T13:25:08.533Z] Checked if tokens are valid: true, expires at: 1771250187807
[debug] [2026-02-16T13:25:08.533Z] Checked if tokens are valid: true, expires at: 1771250187807
[debug] [2026-02-16T13:25:08.533Z] Checked if tokens are valid: true, expires at: 1771250187807
[debug] [2026-02-16T13:25:08.533Z] Checked if tokens are valid: true, expires at: 1771250187807
[debug] [2026-02-16T13:25:08.533Z] Checked if tokens are valid: true, expires at: 1771250187807
[debug] [2026-02-16T13:25:08.533Z] Checked if tokens are valid: true, expires at: 1771250187807
[debug] [2026-02-16T13:25:08.533Z] Checked if tokens are valid: true, expires at: 1771250187807
[debug] [2026-02-16T13:25:08.533Z] Checked if tokens are valid: true, expires at: 1771250187807
[debug] [2026-02-16T13:25:08.533Z] Checked if tokens are valid: true, expires at: 1771250187807
[debug] [2026-02-16T13:25:08.533Z] Checked if tokens are valid: true, expires at: 1771250187807
[debug] [2026-02-16T13:25:08.533Z] Checked if tokens are valid: true, expires at: 1771250187807
[debug] [2026-02-16T13:25:08.533Z] Checked if tokens are valid: true, expires at: 1771250187807
[debug] [2026-02-16T13:25:08.533Z] Checked if tokens are valid: true, expires at: 1771250187807
[debug] [2026-02-16T13:25:08.533Z] Checked if tokens are valid: true, expires at: 1771250187807
[debug] [2026-02-16T13:25:08.533Z] Checked if tokens are valid: true, expires at: 1771250187807
[debug] [2026-02-16T13:25:08.533Z] Checked if tokens are valid: true, expires at: 1771250187807
[debug] [2026-02-16T13:25:08.533Z] Checked if tokens are valid: true, expires at: 1771250187807
[debug] [2026-02-16T13:25:08.533Z] Checked if tokens are valid: true, expires at: 1771250187807
[debug] [2026-02-16T13:25:08.533Z] Checked if tokens are valid: true, expires at: 1771250187807
[debug] [2026-02-16T13:25:08.533Z] Checked if tokens are valid: true, expires at: 1771250187807
[debug] [2026-02-16T13:25:08.533Z] Checked if tokens are valid: true, expires at: 1771250187807
[debug] [2026-02-16T13:25:08.533Z] Checked if tokens are valid: true, expires at: 1771250187807
[debug] [2026-02-16T13:25:08.533Z] Checked if tokens are valid: true, expires at: 1771250187807
[debug] [2026-02-16T13:25:08.534Z] Checked if tokens are valid: true, expires at: 1771250187807
[debug] [2026-02-16T13:25:08.534Z] Checked if tokens are valid: true, expires at: 1771250187807
[debug] [2026-02-16T13:25:08.534Z] Checked if tokens are valid: true, expires at: 1771250187807
[debug] [2026-02-16T13:25:08.534Z] Checked if tokens are valid: true, expires at: 1771250187807
[debug] [2026-02-16T13:25:08.534Z] Checked if tokens are valid: true, expires at: 1771250187807
[debug] [2026-02-16T13:25:08.534Z] Checked if tokens are valid: true, expires at: 1771250187807
[debug] [2026-02-16T13:25:08.534Z] Checked if tokens are valid: true, expires at: 1771250187807
[debug] [2026-02-16T13:25:08.534Z] Checked if tokens are valid: true, expires at: 1771250187807
[debug] [2026-02-16T13:25:08.534Z] Checked if tokens are valid: true, expires at: 1771250187807
[debug] [2026-02-16T13:25:08.534Z] Checked if tokens are valid: true, expires at: 1771250187807
[debug] [2026-02-16T13:25:08.534Z] Checked if tokens are valid: true, expires at: 1771250187807
[debug] [2026-02-16T13:25:08.534Z] Checked if tokens are valid: true, expires at: 1771250187807
[debug] [2026-02-16T13:25:08.534Z] Checked if tokens are valid: true, expires at: 1771250187807
[debug] [2026-02-16T13:25:08.534Z] Checked if tokens are valid: true, expires at: 1771250187807
[debug] [2026-02-16T13:25:08.534Z] Checked if tokens are valid: true, expires at: 1771250187807
[debug] [2026-02-16T13:25:08.534Z] Checked if tokens are valid: true, expires at: 1771250187807
[debug] [2026-02-16T13:25:08.534Z] Checked if tokens are valid: true, expires at: 1771250187807
[debug] [2026-02-16T13:25:08.534Z] Checked if tokens are valid: true, expires at: 1771250187807
[debug] [2026-02-16T13:25:08.534Z] Checked if tokens are valid: true, expires at: 1771250187807
[debug] [2026-02-16T13:25:08.534Z] Checked if tokens are valid: true, expires at: 1771250187807
[debug] [2026-02-16T13:25:08.534Z] Checked if tokens are valid: true, expires at: 1771250187807
[debug] [2026-02-16T13:25:08.534Z] Checked if tokens are valid: true, expires at: 1771250187807
[debug] [2026-02-16T13:25:08.534Z] Checked if tokens are valid: true, expires at: 1771250187807
[debug] [2026-02-16T13:25:08.534Z] Checked if tokens are valid: true, expires at: 1771250187807
[debug] [2026-02-16T13:25:08.534Z] Checked if tokens are valid: true, expires at: 1771250187807
[debug] [2026-02-16T13:25:08.534Z] Checked if tokens are valid: true, expires at: 1771250187807
[debug] [2026-02-16T13:25:08.534Z] Checked if tokens are valid: true, expires at: 1771250187807
[debug] [2026-02-16T13:25:08.534Z] Checked if tokens are valid: true, expires at: 1771250187807
[debug] [2026-02-16T13:25:08.535Z] >>> [apiv2][query] POST https://upload-firebasehosting.googleapis.com/upload/sites/diploma-work-a6f85/versions/0714dd1106205043/files/de66258f626019520da2d5d98329a761f6b3e136d56ba78f02a5355440c4ac90 [none]
[debug] [2026-02-16T13:25:08.535Z] >>> [apiv2][body] POST https://upload-firebasehosting.googleapis.com/upload/sites/diploma-work-a6f85/versions/0714dd1106205043/files/de66258f626019520da2d5d98329a761f6b3e136d56ba78f02a5355440c4ac90 [stream]
[debug] [2026-02-16T13:25:08.536Z] >>> [apiv2][query] POST https://upload-firebasehosting.googleapis.com/upload/sites/diploma-work-a6f85/versions/0714dd1106205043/files/4be6c7ed4cdd48ea61c405badd67bc75cf0de94cfae8830fc03aabf416487970 [none]
[debug] [2026-02-16T13:25:08.536Z] >>> [apiv2][body] POST https://upload-firebasehosting.googleapis.com/upload/sites/diploma-work-a6f85/versions/0714dd1106205043/files/4be6c7ed4cdd48ea61c405badd67bc75cf0de94cfae8830fc03aabf416487970 [stream]
[debug] [2026-02-16T13:25:08.539Z] >>> [apiv2][query] POST https://upload-firebasehosting.googleapis.com/upload/sites/diploma-work-a6f85/versions/0714dd1106205043/files/1131102914cb6ea5d02aaae27fa9f29f9ca6c8cf34fe2a8b420b1449524ed819 [none]
[debug] [2026-02-16T13:25:08.539Z] >>> [apiv2][body] POST https://upload-firebasehosting.googleapis.com/upload/sites/diploma-work-a6f85/versions/0714dd1106205043/files/1131102914cb6ea5d02aaae27fa9f29f9ca6c8cf34fe2a8b420b1449524ed819 [stream]
[debug] [2026-02-16T13:25:08.540Z] >>> [apiv2][query] POST https://upload-firebasehosting.googleapis.com/upload/sites/diploma-work-a6f85/versions/0714dd1106205043/files/20f5cfa3acbeaffccbfdcbfb646d8f40ab472b3bdb3501505535a90b520a50b8 [none]
[debug] [2026-02-16T13:25:08.540Z] >>> [apiv2][body] POST https://upload-firebasehosting.googleapis.com/upload/sites/diploma-work-a6f85/versions/0714dd1106205043/files/20f5cfa3acbeaffccbfdcbfb646d8f40ab472b3bdb3501505535a90b520a50b8 [stream]
[debug] [2026-02-16T13:25:08.540Z] >>> [apiv2][query] POST https://upload-firebasehosting.googleapis.com/upload/sites/diploma-work-a6f85/versions/0714dd1106205043/files/e7e95319fbda509c91f8b683be76591f3133723ce972b6b905d0d53ed55e1f8d [none]
[debug] [2026-02-16T13:25:08.540Z] >>> [apiv2][body] POST https://upload-firebasehosting.googleapis.com/upload/sites/diploma-work-a6f85/versions/0714dd1106205043/files/e7e95319fbda509c91f8b683be76591f3133723ce972b6b905d0d53ed55e1f8d [stream]
[debug] [2026-02-16T13:25:08.541Z] >>> [apiv2][query] POST https://upload-firebasehosting.googleapis.com/upload/sites/diploma-work-a6f85/versions/0714dd1106205043/files/0fe2523f3b196627c2efec9d6b0cd91db29c605004d3a4db3edb261bec05d482 [none]
[debug] [2026-02-16T13:25:08.541Z] >>> [apiv2][body] POST https://upload-firebasehosting.googleapis.com/upload/sites/diploma-work-a6f85/versions/0714dd1106205043/files/0fe2523f3b196627c2efec9d6b0cd91db29c605004d3a4db3edb261bec05d482 [stream]
[debug] [2026-02-16T13:25:08.542Z] >>> [apiv2][query] POST https://upload-firebasehosting.googleapis.com/upload/sites/diploma-work-a6f85/versions/0714dd1106205043/files/aa80461d71d72363cc140c05b16a22726ddeda957b1bd953197244be1f9259db [none]
[debug] [2026-02-16T13:25:08.542Z] >>> [apiv2][body] POST https://upload-firebasehosting.googleapis.com/upload/sites/diploma-work-a6f85/versions/0714dd1106205043/files/aa80461d71d72363cc140c05b16a22726ddeda957b1bd953197244be1f9259db [stream]
[debug] [2026-02-16T13:25:08.544Z] >>> [apiv2][query] POST https://upload-firebasehosting.googleapis.com/upload/sites/diploma-work-a6f85/versions/0714dd1106205043/files/4d11839b36fd32974f91a1544fc2743ad350d0e82f60a3dc482f11d635ea5421 [none]
[debug] [2026-02-16T13:25:08.544Z] >>> [apiv2][body] POST https://upload-firebasehosting.googleapis.com/upload/sites/diploma-work-a6f85/versions/0714dd1106205043/files/4d11839b36fd32974f91a1544fc2743ad350d0e82f60a3dc482f11d635ea5421 [stream]
[debug] [2026-02-16T13:25:08.545Z] >>> [apiv2][query] POST https://upload-firebasehosting.googleapis.com/upload/sites/diploma-work-a6f85/versions/0714dd1106205043/files/6684d86aae0e440c1cbfec3a385641fa4e8c2a9215dc02131513fadf15990f5b [none]
[debug] [2026-02-16T13:25:08.545Z] >>> [apiv2][body] POST https://upload-firebasehosting.googleapis.com/upload/sites/diploma-work-a6f85/versions/0714dd1106205043/files/6684d86aae0e440c1cbfec3a385641fa4e8c2a9215dc02131513fadf15990f5b [stream]
[debug] [2026-02-16T13:25:08.547Z] >>> [apiv2][query] POST https://upload-firebasehosting.googleapis.com/upload/sites/diploma-work-a6f85/versions/0714dd1106205043/files/04e7da2c43ac7aa916eaf52b4fff02ca45ce8e33f1f89f870cf86bfa11214101 [none]
[debug] [2026-02-16T13:25:08.547Z] >>> [apiv2][body] POST https://upload-firebasehosting.googleapis.com/upload/sites/diploma-work-a6f85/versions/0714dd1106205043/files/04e7da2c43ac7aa916eaf52b4fff02ca45ce8e33f1f89f870cf86bfa11214101 [stream]
[debug] [2026-02-16T13:25:08.548Z] >>> [apiv2][query] POST https://upload-firebasehosting.googleapis.com/upload/sites/diploma-work-a6f85/versions/0714dd1106205043/files/be6323af4ae36a0e5f304b788c1731fcd5d15124d6fb0f8eafecb49b9b885513 [none]
[debug] [2026-02-16T13:25:08.548Z] >>> [apiv2][body] POST https://upload-firebasehosting.googleapis.com/upload/sites/diploma-work-a6f85/versions/0714dd1106205043/files/be6323af4ae36a0e5f304b788c1731fcd5d15124d6fb0f8eafecb49b9b885513 [stream]
[debug] [2026-02-16T13:25:08.550Z] >>> [apiv2][query] POST https://upload-firebasehosting.googleapis.com/upload/sites/diploma-work-a6f85/versions/0714dd1106205043/files/f203d6b6e99c705e9d2df745b015e35790177fe260677b271958a6ef0fb4be2e [none]
[debug] [2026-02-16T13:25:08.550Z] >>> [apiv2][body] POST https://upload-firebasehosting.googleapis.com/upload/sites/diploma-work-a6f85/versions/0714dd1106205043/files/f203d6b6e99c705e9d2df745b015e35790177fe260677b271958a6ef0fb4be2e [stream]
[debug] [2026-02-16T13:25:08.552Z] >>> [apiv2][query] POST https://upload-firebasehosting.googleapis.com/upload/sites/diploma-work-a6f85/versions/0714dd1106205043/files/4c0243f863afe62b0e14c0dcef59d30a54719782cad6a5e265302a97e14d262a [none]
[debug] [2026-02-16T13:25:08.552Z] >>> [apiv2][body] POST https://upload-firebasehosting.googleapis.com/upload/sites/diploma-work-a6f85/versions/0714dd1106205043/files/4c0243f863afe62b0e14c0dcef59d30a54719782cad6a5e265302a97e14d262a [stream]
[debug] [2026-02-16T13:25:08.553Z] >>> [apiv2][query] POST https://upload-firebasehosting.googleapis.com/upload/sites/diploma-work-a6f85/versions/0714dd1106205043/files/a3845a2c32856b98cd25e1ed2df3abed9a020319159c049f79aa6bd1180af9d8 [none]
[debug] [2026-02-16T13:25:08.553Z] >>> [apiv2][body] POST https://upload-firebasehosting.googleapis.com/upload/sites/diploma-work-a6f85/versions/0714dd1106205043/files/a3845a2c32856b98cd25e1ed2df3abed9a020319159c049f79aa6bd1180af9d8 [stream]
[debug] [2026-02-16T13:25:08.554Z] >>> [apiv2][query] POST https://upload-firebasehosting.googleapis.com/upload/sites/diploma-work-a6f85/versions/0714dd1106205043/files/d13205b09ce49f52d6b00a208768f5ebb7eafe024487d4823211d3f5f72065bd [none]
[debug] [2026-02-16T13:25:08.554Z] >>> [apiv2][body] POST https://upload-firebasehosting.googleapis.com/upload/sites/diploma-work-a6f85/versions/0714dd1106205043/files/d13205b09ce49f52d6b00a208768f5ebb7eafe024487d4823211d3f5f72065bd [stream]
[debug] [2026-02-16T13:25:08.555Z] >>> [apiv2][query] POST https://upload-firebasehosting.googleapis.com/upload/sites/diploma-work-a6f85/versions/0714dd1106205043/files/4e7973b72ecdcaefb2795ef6a30a47b7d713379b754ed93fa8af35959f565ef5 [none]
[debug] [2026-02-16T13:25:08.555Z] >>> [apiv2][body] POST https://upload-firebasehosting.googleapis.com/upload/sites/diploma-work-a6f85/versions/0714dd1106205043/files/4e7973b72ecdcaefb2795ef6a30a47b7d713379b754ed93fa8af35959f565ef5 [stream]
[debug] [2026-02-16T13:25:08.556Z] >>> [apiv2][query] POST https://upload-firebasehosting.googleapis.com/upload/sites/diploma-work-a6f85/versions/0714dd1106205043/files/848603daf0cb4340941e893a14d7ecc36ab4e65542670352fd9b3259d0a9a094 [none]
[debug] [2026-02-16T13:25:08.556Z] >>> [apiv2][body] POST https://upload-firebasehosting.googleapis.com/upload/sites/diploma-work-a6f85/versions/0714dd1106205043/files/848603daf0cb4340941e893a14d7ecc36ab4e65542670352fd9b3259d0a9a094 [stream]
[debug] [2026-02-16T13:25:08.556Z] >>> [apiv2][query] POST https://upload-firebasehosting.googleapis.com/upload/sites/diploma-work-a6f85/versions/0714dd1106205043/files/b581d6902a000a3fa0feec23649936ad47d1c920054293fab3b07017093b230e [none]
[debug] [2026-02-16T13:25:08.557Z] >>> [apiv2][body] POST https://upload-firebasehosting.googleapis.com/upload/sites/diploma-work-a6f85/versions/0714dd1106205043/files/b581d6902a000a3fa0feec23649936ad47d1c920054293fab3b07017093b230e [stream]
[debug] [2026-02-16T13:25:08.557Z] >>> [apiv2][query] POST https://upload-firebasehosting.googleapis.com/upload/sites/diploma-work-a6f85/versions/0714dd1106205043/files/8b14da88a4847fac2095c99d81b2ea0db820cc6151f29445831182406b537644 [none]
[debug] [2026-02-16T13:25:08.557Z] >>> [apiv2][body] POST https://upload-firebasehosting.googleapis.com/upload/sites/diploma-work-a6f85/versions/0714dd1106205043/files/8b14da88a4847fac2095c99d81b2ea0db820cc6151f29445831182406b537644 [stream]
[debug] [2026-02-16T13:25:08.558Z] >>> [apiv2][query] POST https://upload-firebasehosting.googleapis.com/upload/sites/diploma-work-a6f85/versions/0714dd1106205043/files/7f4e51f0735f982bd7d171818354e090080cdec07749a130e12678c6bfab088a [none]
[debug] [2026-02-16T13:25:08.558Z] >>> [apiv2][body] POST https://upload-firebasehosting.googleapis.com/upload/sites/diploma-work-a6f85/versions/0714dd1106205043/files/7f4e51f0735f982bd7d171818354e090080cdec07749a130e12678c6bfab088a [stream]
[debug] [2026-02-16T13:25:08.559Z] >>> [apiv2][query] POST https://upload-firebasehosting.googleapis.com/upload/sites/diploma-work-a6f85/versions/0714dd1106205043/files/b1018deb8fdeef39d47253f5493e99fb8b0b1badcbc5c7bd82e2515cc8bd7189 [none]
[debug] [2026-02-16T13:25:08.559Z] >>> [apiv2][body] POST https://upload-firebasehosting.googleapis.com/upload/sites/diploma-work-a6f85/versions/0714dd1106205043/files/b1018deb8fdeef39d47253f5493e99fb8b0b1badcbc5c7bd82e2515cc8bd7189 [stream]
[debug] [2026-02-16T13:25:08.559Z] >>> [apiv2][query] POST https://upload-firebasehosting.googleapis.com/upload/sites/diploma-work-a6f85/versions/0714dd1106205043/files/ef1b2693ab9f32e1e6901908ddadadf261eb4ec348b2b749b94a177908ab33e5 [none]
[debug] [2026-02-16T13:25:08.559Z] >>> [apiv2][body] POST https://upload-firebasehosting.googleapis.com/upload/sites/diploma-work-a6f85/versions/0714dd1106205043/files/ef1b2693ab9f32e1e6901908ddadadf261eb4ec348b2b749b94a177908ab33e5 [stream]
[debug] [2026-02-16T13:25:08.559Z] >>> [apiv2][query] POST https://upload-firebasehosting.googleapis.com/upload/sites/diploma-work-a6f85/versions/0714dd1106205043/files/f1f8e19391abef74ae53f37201552884db1311df60747b0fa51999b46c5d50da [none]
[debug] [2026-02-16T13:25:08.559Z] >>> [apiv2][body] POST https://upload-firebasehosting.googleapis.com/upload/sites/diploma-work-a6f85/versions/0714dd1106205043/files/f1f8e19391abef74ae53f37201552884db1311df60747b0fa51999b46c5d50da [stream]
[debug] [2026-02-16T13:25:08.560Z] >>> [apiv2][query] POST https://upload-firebasehosting.googleapis.com/upload/sites/diploma-work-a6f85/versions/0714dd1106205043/files/f6a49bccf1a2e7dd0ab6fee12e483afe11b240943f8c40d54a072b00506eaee5 [none]
[debug] [2026-02-16T13:25:08.560Z] >>> [apiv2][body] POST https://upload-firebasehosting.googleapis.com/upload/sites/diploma-work-a6f85/versions/0714dd1106205043/files/f6a49bccf1a2e7dd0ab6fee12e483afe11b240943f8c40d54a072b00506eaee5 [stream]
[debug] [2026-02-16T13:25:08.560Z] >>> [apiv2][query] POST https://upload-firebasehosting.googleapis.com/upload/sites/diploma-work-a6f85/versions/0714dd1106205043/files/06277c37962938d34b919d83d68190aeab7f1a2b9ba89fe7600cc310c962f55b [none]
[debug] [2026-02-16T13:25:08.560Z] >>> [apiv2][body] POST https://upload-firebasehosting.googleapis.com/upload/sites/diploma-work-a6f85/versions/0714dd1106205043/files/06277c37962938d34b919d83d68190aeab7f1a2b9ba89fe7600cc310c962f55b [stream]
[debug] [2026-02-16T13:25:08.560Z] >>> [apiv2][query] POST https://upload-firebasehosting.googleapis.com/upload/sites/diploma-work-a6f85/versions/0714dd1106205043/files/88925f4abffa5dd1120599a3a78262eaa131e8a971c01d172da5d42d6695d1ae [none]
[debug] [2026-02-16T13:25:08.560Z] >>> [apiv2][body] POST https://upload-firebasehosting.googleapis.com/upload/sites/diploma-work-a6f85/versions/0714dd1106205043/files/88925f4abffa5dd1120599a3a78262eaa131e8a971c01d172da5d42d6695d1ae [stream]
[debug] [2026-02-16T13:25:08.560Z] >>> [apiv2][query] POST https://upload-firebasehosting.googleapis.com/upload/sites/diploma-work-a6f85/versions/0714dd1106205043/files/acafd24f6816e7fa0369df97f5a914f9fc8ce224e1c7d979dc1632359880cb12 [none]
[debug] [2026-02-16T13:25:08.560Z] >>> [apiv2][body] POST https://upload-firebasehosting.googleapis.com/upload/sites/diploma-work-a6f85/versions/0714dd1106205043/files/acafd24f6816e7fa0369df97f5a914f9fc8ce224e1c7d979dc1632359880cb12 [stream]
[debug] [2026-02-16T13:25:08.561Z] >>> [apiv2][query] POST https://upload-firebasehosting.googleapis.com/upload/sites/diploma-work-a6f85/versions/0714dd1106205043/files/6e5cb0e5dc62f43459142e048db68f27c3e7427ad66dd9701a99893ea5e7cc3f [none]
[debug] [2026-02-16T13:25:08.561Z] >>> [apiv2][body] POST https://upload-firebasehosting.googleapis.com/upload/sites/diploma-work-a6f85/versions/0714dd1106205043/files/6e5cb0e5dc62f43459142e048db68f27c3e7427ad66dd9701a99893ea5e7cc3f [stream]
[debug] [2026-02-16T13:25:08.561Z] >>> [apiv2][query] POST https://upload-firebasehosting.googleapis.com/upload/sites/diploma-work-a6f85/versions/0714dd1106205043/files/588a0ca8f101f0c4b6dda3dc1e7f80c558706dd5c9cac37e594344b356b74a45 [none]
[debug] [2026-02-16T13:25:08.561Z] >>> [apiv2][body] POST https://upload-firebasehosting.googleapis.com/upload/sites/diploma-work-a6f85/versions/0714dd1106205043/files/588a0ca8f101f0c4b6dda3dc1e7f80c558706dd5c9cac37e594344b356b74a45 [stream]
[debug] [2026-02-16T13:25:08.561Z] >>> [apiv2][query] POST https://upload-firebasehosting.googleapis.com/upload/sites/diploma-work-a6f85/versions/0714dd1106205043/files/d71440f26506695380a2f5d3054ef8f959cbcd23450783c3375fb9a3351ce894 [none]
[debug] [2026-02-16T13:25:08.561Z] >>> [apiv2][body] POST https://upload-firebasehosting.googleapis.com/upload/sites/diploma-work-a6f85/versions/0714dd1106205043/files/d71440f26506695380a2f5d3054ef8f959cbcd23450783c3375fb9a3351ce894 [stream]
[debug] [2026-02-16T13:25:08.562Z] >>> [apiv2][query] POST https://upload-firebasehosting.googleapis.com/upload/sites/diploma-work-a6f85/versions/0714dd1106205043/files/d58b5f05d0531498b146300d6d5d71fe1353a5ed2d92d78b5f86a8ee8caeb691 [none]
[debug] [2026-02-16T13:25:08.562Z] >>> [apiv2][body] POST https://upload-firebasehosting.googleapis.com/upload/sites/diploma-work-a6f85/versions/0714dd1106205043/files/d58b5f05d0531498b146300d6d5d71fe1353a5ed2d92d78b5f86a8ee8caeb691 [stream]
[debug] [2026-02-16T13:25:08.562Z] >>> [apiv2][query] POST https://upload-firebasehosting.googleapis.com/upload/sites/diploma-work-a6f85/versions/0714dd1106205043/files/97cab1fbf04b3737914901578b4d4bf8468b5cede61553e4ab9868b7197f2a55 [none]
[debug] [2026-02-16T13:25:08.562Z] >>> [apiv2][body] POST https://upload-firebasehosting.googleapis.com/upload/sites/diploma-work-a6f85/versions/0714dd1106205043/files/97cab1fbf04b3737914901578b4d4bf8468b5cede61553e4ab9868b7197f2a55 [stream]
[debug] [2026-02-16T13:25:08.563Z] >>> [apiv2][query] POST https://upload-firebasehosting.googleapis.com/upload/sites/diploma-work-a6f85/versions/0714dd1106205043/files/2452de990a51e4b6df314dce64b1464516dc0d29993a175f11450f00d20f1a4e [none]
[debug] [2026-02-16T13:25:08.563Z] >>> [apiv2][body] POST https://upload-firebasehosting.googleapis.com/upload/sites/diploma-work-a6f85/versions/0714dd1106205043/files/2452de990a51e4b6df314dce64b1464516dc0d29993a175f11450f00d20f1a4e [stream]
[debug] [2026-02-16T13:25:08.563Z] >>> [apiv2][query] POST https://upload-firebasehosting.googleapis.com/upload/sites/diploma-work-a6f85/versions/0714dd1106205043/files/df2d04fcfd78a0f2b9cdb4e7c8aa49b5eb88ec8738744c85b3d9fbce9bc354ea [none]
[debug] [2026-02-16T13:25:08.563Z] >>> [apiv2][body] POST https://upload-firebasehosting.googleapis.com/upload/sites/diploma-work-a6f85/versions/0714dd1106205043/files/df2d04fcfd78a0f2b9cdb4e7c8aa49b5eb88ec8738744c85b3d9fbce9bc354ea [stream]
[debug] [2026-02-16T13:25:08.564Z] >>> [apiv2][query] POST https://upload-firebasehosting.googleapis.com/upload/sites/diploma-work-a6f85/versions/0714dd1106205043/files/92015c34aba4b8617adfac89b70167c4e072bef45749722349f929fd722ab5db [none]
[debug] [2026-02-16T13:25:08.564Z] >>> [apiv2][body] POST https://upload-firebasehosting.googleapis.com/upload/sites/diploma-work-a6f85/versions/0714dd1106205043/files/92015c34aba4b8617adfac89b70167c4e072bef45749722349f929fd722ab5db [stream]
[debug] [2026-02-16T13:25:08.565Z] >>> [apiv2][query] POST https://upload-firebasehosting.googleapis.com/upload/sites/diploma-work-a6f85/versions/0714dd1106205043/files/b957fd98c460d372b6297917adad7dd4a6f296c6a388f2625824d745bda0218e [none]
[debug] [2026-02-16T13:25:08.565Z] >>> [apiv2][body] POST https://upload-firebasehosting.googleapis.com/upload/sites/diploma-work-a6f85/versions/0714dd1106205043/files/b957fd98c460d372b6297917adad7dd4a6f296c6a388f2625824d745bda0218e [stream]
[debug] [2026-02-16T13:25:08.567Z] >>> [apiv2][query] POST https://upload-firebasehosting.googleapis.com/upload/sites/diploma-work-a6f85/versions/0714dd1106205043/files/ca3d473028b22f9188f751e495a0db3a177186b8f67d0e67590d8f1499ab801f [none]
[debug] [2026-02-16T13:25:08.567Z] >>> [apiv2][body] POST https://upload-firebasehosting.googleapis.com/upload/sites/diploma-work-a6f85/versions/0714dd1106205043/files/ca3d473028b22f9188f751e495a0db3a177186b8f67d0e67590d8f1499ab801f [stream]
[debug] [2026-02-16T13:25:08.567Z] >>> [apiv2][query] POST https://upload-firebasehosting.googleapis.com/upload/sites/diploma-work-a6f85/versions/0714dd1106205043/files/6fcba895f80c9e64a049f3b2a1b911afbbc93b5ee3a3d8f77d1b330a876e6e92 [none]
[debug] [2026-02-16T13:25:08.567Z] >>> [apiv2][body] POST https://upload-firebasehosting.googleapis.com/upload/sites/diploma-work-a6f85/versions/0714dd1106205043/files/6fcba895f80c9e64a049f3b2a1b911afbbc93b5ee3a3d8f77d1b330a876e6e92 [stream]
[debug] [2026-02-16T13:25:08.568Z] >>> [apiv2][query] POST https://upload-firebasehosting.googleapis.com/upload/sites/diploma-work-a6f85/versions/0714dd1106205043/files/02f800cd468000291dcfc5b9e88796d0153479412443f99419ba10b830292357 [none]
[debug] [2026-02-16T13:25:08.568Z] >>> [apiv2][body] POST https://upload-firebasehosting.googleapis.com/upload/sites/diploma-work-a6f85/versions/0714dd1106205043/files/02f800cd468000291dcfc5b9e88796d0153479412443f99419ba10b830292357 [stream]
[debug] [2026-02-16T13:25:08.568Z] >>> [apiv2][query] POST https://upload-firebasehosting.googleapis.com/upload/sites/diploma-work-a6f85/versions/0714dd1106205043/files/b771b6554a76a7430bdc806763b71461f1cdcb21bdaf98f0024a6a3e2807bb5d [none]
[debug] [2026-02-16T13:25:08.568Z] >>> [apiv2][body] POST https://upload-firebasehosting.googleapis.com/upload/sites/diploma-work-a6f85/versions/0714dd1106205043/files/b771b6554a76a7430bdc806763b71461f1cdcb21bdaf98f0024a6a3e2807bb5d [stream]
[debug] [2026-02-16T13:25:08.569Z] >>> [apiv2][query] POST https://upload-firebasehosting.googleapis.com/upload/sites/diploma-work-a6f85/versions/0714dd1106205043/files/f535e0a04ae85dc983751670b625d1cd5d549db4cfc885a698e02639eb8c08c4 [none]
[debug] [2026-02-16T13:25:08.569Z] >>> [apiv2][body] POST https://upload-firebasehosting.googleapis.com/upload/sites/diploma-work-a6f85/versions/0714dd1106205043/files/f535e0a04ae85dc983751670b625d1cd5d549db4cfc885a698e02639eb8c08c4 [stream]
[debug] [2026-02-16T13:25:08.569Z] >>> [apiv2][query] POST https://upload-firebasehosting.googleapis.com/upload/sites/diploma-work-a6f85/versions/0714dd1106205043/files/2e3570c38e90c3172fb60b6177042275d45d8de45330836944b3afe8c546ccbe [none]
[debug] [2026-02-16T13:25:08.569Z] >>> [apiv2][body] POST https://upload-firebasehosting.googleapis.com/upload/sites/diploma-work-a6f85/versions/0714dd1106205043/files/2e3570c38e90c3172fb60b6177042275d45d8de45330836944b3afe8c546ccbe [stream]
[debug] [2026-02-16T13:25:08.569Z] >>> [apiv2][query] POST https://upload-firebasehosting.googleapis.com/upload/sites/diploma-work-a6f85/versions/0714dd1106205043/files/c4d18b3f13a2c018f67277c0bc6dbbef692a27bed58ef20163137cadb6f93c3b [none]
[debug] [2026-02-16T13:25:08.569Z] >>> [apiv2][body] POST https://upload-firebasehosting.googleapis.com/upload/sites/diploma-work-a6f85/versions/0714dd1106205043/files/c4d18b3f13a2c018f67277c0bc6dbbef692a27bed58ef20163137cadb6f93c3b [stream]
[debug] [2026-02-16T13:25:08.570Z] >>> [apiv2][query] POST https://upload-firebasehosting.googleapis.com/upload/sites/diploma-work-a6f85/versions/0714dd1106205043/files/724fff5f7cb8a82af843081d9014d847cb3a51de8002c2153b8f98b7ebebeec9 [none]
[debug] [2026-02-16T13:25:08.570Z] >>> [apiv2][body] POST https://upload-firebasehosting.googleapis.com/upload/sites/diploma-work-a6f85/versions/0714dd1106205043/files/724fff5f7cb8a82af843081d9014d847cb3a51de8002c2153b8f98b7ebebeec9 [stream]
[debug] [2026-02-16T13:25:08.570Z] >>> [apiv2][query] POST https://upload-firebasehosting.googleapis.com/upload/sites/diploma-work-a6f85/versions/0714dd1106205043/files/aea24f55b4463ef7dc35b0002be8898330f5512309f00fc806a6fa7900b84a5e [none]
[debug] [2026-02-16T13:25:08.570Z] >>> [apiv2][body] POST https://upload-firebasehosting.googleapis.com/upload/sites/diploma-work-a6f85/versions/0714dd1106205043/files/aea24f55b4463ef7dc35b0002be8898330f5512309f00fc806a6fa7900b84a5e [stream]
[debug] [2026-02-16T13:25:08.570Z] >>> [apiv2][query] POST https://upload-firebasehosting.googleapis.com/upload/sites/diploma-work-a6f85/versions/0714dd1106205043/files/910b0c7217567409c6e60544335336980af279751a7487ecf82cfaea088d942c [none]
[debug] [2026-02-16T13:25:08.570Z] >>> [apiv2][body] POST https://upload-firebasehosting.googleapis.com/upload/sites/diploma-work-a6f85/versions/0714dd1106205043/files/910b0c7217567409c6e60544335336980af279751a7487ecf82cfaea088d942c [stream]
[debug] [2026-02-16T13:25:08.570Z] >>> [apiv2][query] POST https://upload-firebasehosting.googleapis.com/upload/sites/diploma-work-a6f85/versions/0714dd1106205043/files/09cf748da8778a9ab8480682f41939f6a5c0aefe0913d50e5a29d8c4d7d03439 [none]
[debug] [2026-02-16T13:25:08.570Z] >>> [apiv2][body] POST https://upload-firebasehosting.googleapis.com/upload/sites/diploma-work-a6f85/versions/0714dd1106205043/files/09cf748da8778a9ab8480682f41939f6a5c0aefe0913d50e5a29d8c4d7d03439 [stream]
[debug] [2026-02-16T13:25:08.571Z] >>> [apiv2][query] POST https://upload-firebasehosting.googleapis.com/upload/sites/diploma-work-a6f85/versions/0714dd1106205043/files/df440e93946835a31049f5949b32ab788d3192ec1130cbed356411d41e944e5e [none]
[debug] [2026-02-16T13:25:08.571Z] >>> [apiv2][body] POST https://upload-firebasehosting.googleapis.com/upload/sites/diploma-work-a6f85/versions/0714dd1106205043/files/df440e93946835a31049f5949b32ab788d3192ec1130cbed356411d41e944e5e [stream]
[debug] [2026-02-16T13:25:08.571Z] >>> [apiv2][query] POST https://upload-firebasehosting.googleapis.com/upload/sites/diploma-work-a6f85/versions/0714dd1106205043/files/cf1e887cee196b8272efdda187bd3101490ff59c97e68e40e379e7cb46a3b2c6 [none]
[debug] [2026-02-16T13:25:08.571Z] >>> [apiv2][body] POST https://upload-firebasehosting.googleapis.com/upload/sites/diploma-work-a6f85/versions/0714dd1106205043/files/cf1e887cee196b8272efdda187bd3101490ff59c97e68e40e379e7cb46a3b2c6 [stream]
[debug] [2026-02-16T13:25:08.571Z] >>> [apiv2][query] POST https://upload-firebasehosting.googleapis.com/upload/sites/diploma-work-a6f85/versions/0714dd1106205043/files/5ddea8a9b9fc3b4698899985c4d39b371188a6fd46aa974066bba0aa7b390f93 [none]
[debug] [2026-02-16T13:25:08.571Z] >>> [apiv2][body] POST https://upload-firebasehosting.googleapis.com/upload/sites/diploma-work-a6f85/versions/0714dd1106205043/files/5ddea8a9b9fc3b4698899985c4d39b371188a6fd46aa974066bba0aa7b390f93 [stream]
[debug] [2026-02-16T13:25:08.571Z] >>> [apiv2][query] POST https://upload-firebasehosting.googleapis.com/upload/sites/diploma-work-a6f85/versions/0714dd1106205043/files/945b8c2713d32951fed7d356015abf767e5e7ab6c15731704cba09b56c1f6ef6 [none]
[debug] [2026-02-16T13:25:08.571Z] >>> [apiv2][body] POST https://upload-firebasehosting.googleapis.com/upload/sites/diploma-work-a6f85/versions/0714dd1106205043/files/945b8c2713d32951fed7d356015abf767e5e7ab6c15731704cba09b56c1f6ef6 [stream]
[debug] [2026-02-16T13:25:08.571Z] >>> [apiv2][query] POST https://upload-firebasehosting.googleapis.com/upload/sites/diploma-work-a6f85/versions/0714dd1106205043/files/c2fb51783fa570b547fb1d798dd0022142b5e07102aaff9f12e0c2a07e8beb98 [none]
[debug] [2026-02-16T13:25:08.571Z] >>> [apiv2][body] POST https://upload-firebasehosting.googleapis.com/upload/sites/diploma-work-a6f85/versions/0714dd1106205043/files/c2fb51783fa570b547fb1d798dd0022142b5e07102aaff9f12e0c2a07e8beb98 [stream]
[debug] [2026-02-16T13:25:08.572Z] >>> [apiv2][query] POST https://upload-firebasehosting.googleapis.com/upload/sites/diploma-work-a6f85/versions/0714dd1106205043/files/5cc562b2635abd3fdb6bd717adbbfefa0a24aa40c938ffd56d8be2454d881e61 [none]
[debug] [2026-02-16T13:25:08.572Z] >>> [apiv2][body] POST https://upload-firebasehosting.googleapis.com/upload/sites/diploma-work-a6f85/versions/0714dd1106205043/files/5cc562b2635abd3fdb6bd717adbbfefa0a24aa40c938ffd56d8be2454d881e61 [stream]
[debug] [2026-02-16T13:25:08.572Z] >>> [apiv2][query] POST https://upload-firebasehosting.googleapis.com/upload/sites/diploma-work-a6f85/versions/0714dd1106205043/files/0a8cafe31a1045e6ec064f391517e7d6a58da09a7c9dfff319e69ca4d0e8ef59 [none]
[debug] [2026-02-16T13:25:08.572Z] >>> [apiv2][body] POST https://upload-firebasehosting.googleapis.com/upload/sites/diploma-work-a6f85/versions/0714dd1106205043/files/0a8cafe31a1045e6ec064f391517e7d6a58da09a7c9dfff319e69ca4d0e8ef59 [stream]
[debug] [2026-02-16T13:25:08.573Z] [hosting][populate queue][FINAL] {"max":787,"min":787,"avg":787,"active":0,"complete":1,"success":1,"errored":0,"retried":0,"total":1,"elapsed":826}
[debug] [2026-02-16T13:25:08.573Z] [hosting] uploads queued: 54
[debug] [2026-02-16T13:25:10.110Z] <<< [apiv2][status] POST https://upload-firebasehosting.googleapis.com/upload/sites/diploma-work-a6f85/versions/0714dd1106205043/files/4be6c7ed4cdd48ea61c405badd67bc75cf0de94cfae8830fc03aabf416487970 200
[debug] [2026-02-16T13:25:10.110Z] <<< [apiv2][body] POST https://upload-firebasehosting.googleapis.com/upload/sites/diploma-work-a6f85/versions/0714dd1106205043/files/4be6c7ed4cdd48ea61c405badd67bc75cf0de94cfae8830fc03aabf416487970 [stream]
[debug] [2026-02-16T13:25:10.328Z] <<< [apiv2][status] POST https://upload-firebasehosting.googleapis.com/upload/sites/diploma-work-a6f85/versions/0714dd1106205043/files/c2fb51783fa570b547fb1d798dd0022142b5e07102aaff9f12e0c2a07e8beb98 200
[debug] [2026-02-16T13:25:10.329Z] <<< [apiv2][body] POST https://upload-firebasehosting.googleapis.com/upload/sites/diploma-work-a6f85/versions/0714dd1106205043/files/c2fb51783fa570b547fb1d798dd0022142b5e07102aaff9f12e0c2a07e8beb98 [stream]
[debug] [2026-02-16T13:25:10.330Z] <<< [apiv2][status] POST https://upload-firebasehosting.googleapis.com/upload/sites/diploma-work-a6f85/versions/0714dd1106205043/files/aa80461d71d72363cc140c05b16a22726ddeda957b1bd953197244be1f9259db 200
[debug] [2026-02-16T13:25:10.330Z] <<< [apiv2][body] POST https://upload-firebasehosting.googleapis.com/upload/sites/diploma-work-a6f85/versions/0714dd1106205043/files/aa80461d71d72363cc140c05b16a22726ddeda957b1bd953197244be1f9259db [stream]
[debug] [2026-02-16T13:25:10.378Z] <<< [apiv2][status] POST https://upload-firebasehosting.googleapis.com/upload/sites/diploma-work-a6f85/versions/0714dd1106205043/files/be6323af4ae36a0e5f304b788c1731fcd5d15124d6fb0f8eafecb49b9b885513 200
[debug] [2026-02-16T13:25:10.379Z] <<< [apiv2][body] POST https://upload-firebasehosting.googleapis.com/upload/sites/diploma-work-a6f85/versions/0714dd1106205043/files/be6323af4ae36a0e5f304b788c1731fcd5d15124d6fb0f8eafecb49b9b885513 [stream]
[debug] [2026-02-16T13:25:10.404Z] <<< [apiv2][status] POST https://upload-firebasehosting.googleapis.com/upload/sites/diploma-work-a6f85/versions/0714dd1106205043/files/b1018deb8fdeef39d47253f5493e99fb8b0b1badcbc5c7bd82e2515cc8bd7189 200
[debug] [2026-02-16T13:25:10.404Z] <<< [apiv2][body] POST https://upload-firebasehosting.googleapis.com/upload/sites/diploma-work-a6f85/versions/0714dd1106205043/files/b1018deb8fdeef39d47253f5493e99fb8b0b1badcbc5c7bd82e2515cc8bd7189 [stream]
[debug] [2026-02-16T13:25:10.465Z] <<< [apiv2][status] POST https://upload-firebasehosting.googleapis.com/upload/sites/diploma-work-a6f85/versions/0714dd1106205043/files/cf1e887cee196b8272efdda187bd3101490ff59c97e68e40e379e7cb46a3b2c6 200
[debug] [2026-02-16T13:25:10.465Z] <<< [apiv2][body] POST https://upload-firebasehosting.googleapis.com/upload/sites/diploma-work-a6f85/versions/0714dd1106205043/files/cf1e887cee196b8272efdda187bd3101490ff59c97e68e40e379e7cb46a3b2c6 [stream]
[debug] [2026-02-16T13:25:10.567Z] <<< [apiv2][status] POST https://upload-firebasehosting.googleapis.com/upload/sites/diploma-work-a6f85/versions/0714dd1106205043/files/5ddea8a9b9fc3b4698899985c4d39b371188a6fd46aa974066bba0aa7b390f93 200
[debug] [2026-02-16T13:25:10.568Z] <<< [apiv2][body] POST https://upload-firebasehosting.googleapis.com/upload/sites/diploma-work-a6f85/versions/0714dd1106205043/files/5ddea8a9b9fc3b4698899985c4d39b371188a6fd46aa974066bba0aa7b390f93 [stream]
[debug] [2026-02-16T13:25:10.622Z] <<< [apiv2][status] POST https://upload-firebasehosting.googleapis.com/upload/sites/diploma-work-a6f85/versions/0714dd1106205043/files/6684d86aae0e440c1cbfec3a385641fa4e8c2a9215dc02131513fadf15990f5b 200
[debug] [2026-02-16T13:25:10.622Z] <<< [apiv2][body] POST https://upload-firebasehosting.googleapis.com/upload/sites/diploma-work-a6f85/versions/0714dd1106205043/files/6684d86aae0e440c1cbfec3a385641fa4e8c2a9215dc02131513fadf15990f5b [stream]
[debug] [2026-02-16T13:25:10.640Z] <<< [apiv2][status] POST https://upload-firebasehosting.googleapis.com/upload/sites/diploma-work-a6f85/versions/0714dd1106205043/files/e7e95319fbda509c91f8b683be76591f3133723ce972b6b905d0d53ed55e1f8d 200
[debug] [2026-02-16T13:25:10.640Z] <<< [apiv2][body] POST https://upload-firebasehosting.googleapis.com/upload/sites/diploma-work-a6f85/versions/0714dd1106205043/files/e7e95319fbda509c91f8b683be76591f3133723ce972b6b905d0d53ed55e1f8d [stream]
[debug] [2026-02-16T13:25:10.643Z] <<< [apiv2][status] POST https://upload-firebasehosting.googleapis.com/upload/sites/diploma-work-a6f85/versions/0714dd1106205043/files/f203d6b6e99c705e9d2df745b015e35790177fe260677b271958a6ef0fb4be2e 200
[debug] [2026-02-16T13:25:10.643Z] <<< [apiv2][body] POST https://upload-firebasehosting.googleapis.com/upload/sites/diploma-work-a6f85/versions/0714dd1106205043/files/f203d6b6e99c705e9d2df745b015e35790177fe260677b271958a6ef0fb4be2e [stream]
[debug] [2026-02-16T13:25:10.671Z] <<< [apiv2][status] POST https://upload-firebasehosting.googleapis.com/upload/sites/diploma-work-a6f85/versions/0714dd1106205043/files/4c0243f863afe62b0e14c0dcef59d30a54719782cad6a5e265302a97e14d262a 200
[debug] [2026-02-16T13:25:10.671Z] <<< [apiv2][body] POST https://upload-firebasehosting.googleapis.com/upload/sites/diploma-work-a6f85/versions/0714dd1106205043/files/4c0243f863afe62b0e14c0dcef59d30a54719782cad6a5e265302a97e14d262a [stream]
[debug] [2026-02-16T13:25:10.672Z] <<< [apiv2][status] POST https://upload-firebasehosting.googleapis.com/upload/sites/diploma-work-a6f85/versions/0714dd1106205043/files/d58b5f05d0531498b146300d6d5d71fe1353a5ed2d92d78b5f86a8ee8caeb691 200
[debug] [2026-02-16T13:25:10.672Z] <<< [apiv2][body] POST https://upload-firebasehosting.googleapis.com/upload/sites/diploma-work-a6f85/versions/0714dd1106205043/files/d58b5f05d0531498b146300d6d5d71fe1353a5ed2d92d78b5f86a8ee8caeb691 [stream]
[debug] [2026-02-16T13:25:10.692Z] <<< [apiv2][status] POST https://upload-firebasehosting.googleapis.com/upload/sites/diploma-work-a6f85/versions/0714dd1106205043/files/de66258f626019520da2d5d98329a761f6b3e136d56ba78f02a5355440c4ac90 200
[debug] [2026-02-16T13:25:10.692Z] <<< [apiv2][body] POST https://upload-firebasehosting.googleapis.com/upload/sites/diploma-work-a6f85/versions/0714dd1106205043/files/de66258f626019520da2d5d98329a761f6b3e136d56ba78f02a5355440c4ac90 [stream]
[debug] [2026-02-16T13:25:10.710Z] <<< [apiv2][status] POST https://upload-firebasehosting.googleapis.com/upload/sites/diploma-work-a6f85/versions/0714dd1106205043/files/b581d6902a000a3fa0feec23649936ad47d1c920054293fab3b07017093b230e 200
[debug] [2026-02-16T13:25:10.710Z] <<< [apiv2][body] POST https://upload-firebasehosting.googleapis.com/upload/sites/diploma-work-a6f85/versions/0714dd1106205043/files/b581d6902a000a3fa0feec23649936ad47d1c920054293fab3b07017093b230e [stream]
[debug] [2026-02-16T13:25:10.718Z] <<< [apiv2][status] POST https://upload-firebasehosting.googleapis.com/upload/sites/diploma-work-a6f85/versions/0714dd1106205043/files/aea24f55b4463ef7dc35b0002be8898330f5512309f00fc806a6fa7900b84a5e 200
[debug] [2026-02-16T13:25:10.718Z] <<< [apiv2][body] POST https://upload-firebasehosting.googleapis.com/upload/sites/diploma-work-a6f85/versions/0714dd1106205043/files/aea24f55b4463ef7dc35b0002be8898330f5512309f00fc806a6fa7900b84a5e [stream]
[debug] [2026-02-16T13:25:10.742Z] <<< [apiv2][status] POST https://upload-firebasehosting.googleapis.com/upload/sites/diploma-work-a6f85/versions/0714dd1106205043/files/04e7da2c43ac7aa916eaf52b4fff02ca45ce8e33f1f89f870cf86bfa11214101 200
[debug] [2026-02-16T13:25:10.742Z] <<< [apiv2][body] POST https://upload-firebasehosting.googleapis.com/upload/sites/diploma-work-a6f85/versions/0714dd1106205043/files/04e7da2c43ac7aa916eaf52b4fff02ca45ce8e33f1f89f870cf86bfa11214101 [stream]
[debug] [2026-02-16T13:25:10.787Z] <<< [apiv2][status] POST https://upload-firebasehosting.googleapis.com/upload/sites/diploma-work-a6f85/versions/0714dd1106205043/files/acafd24f6816e7fa0369df97f5a914f9fc8ce224e1c7d979dc1632359880cb12 200
[debug] [2026-02-16T13:25:10.788Z] <<< [apiv2][body] POST https://upload-firebasehosting.googleapis.com/upload/sites/diploma-work-a6f85/versions/0714dd1106205043/files/acafd24f6816e7fa0369df97f5a914f9fc8ce224e1c7d979dc1632359880cb12 [stream]
[debug] [2026-02-16T13:25:10.794Z] <<< [apiv2][status] POST https://upload-firebasehosting.googleapis.com/upload/sites/diploma-work-a6f85/versions/0714dd1106205043/files/7f4e51f0735f982bd7d171818354e090080cdec07749a130e12678c6bfab088a 200
[debug] [2026-02-16T13:25:10.794Z] <<< [apiv2][body] POST https://upload-firebasehosting.googleapis.com/upload/sites/diploma-work-a6f85/versions/0714dd1106205043/files/7f4e51f0735f982bd7d171818354e090080cdec07749a130e12678c6bfab088a [stream]
[debug] [2026-02-16T13:25:10.846Z] <<< [apiv2][status] POST https://upload-firebasehosting.googleapis.com/upload/sites/diploma-work-a6f85/versions/0714dd1106205043/files/d71440f26506695380a2f5d3054ef8f959cbcd23450783c3375fb9a3351ce894 200
[debug] [2026-02-16T13:25:10.846Z] <<< [apiv2][body] POST https://upload-firebasehosting.googleapis.com/upload/sites/diploma-work-a6f85/versions/0714dd1106205043/files/d71440f26506695380a2f5d3054ef8f959cbcd23450783c3375fb9a3351ce894 [stream]
[debug] [2026-02-16T13:25:10.854Z] <<< [apiv2][status] POST https://upload-firebasehosting.googleapis.com/upload/sites/diploma-work-a6f85/versions/0714dd1106205043/files/f535e0a04ae85dc983751670b625d1cd5d549db4cfc885a698e02639eb8c08c4 200
[debug] [2026-02-16T13:25:10.854Z] <<< [apiv2][body] POST https://upload-firebasehosting.googleapis.com/upload/sites/diploma-work-a6f85/versions/0714dd1106205043/files/f535e0a04ae85dc983751670b625d1cd5d549db4cfc885a698e02639eb8c08c4 [stream]
[debug] [2026-02-16T13:25:10.897Z] <<< [apiv2][status] POST https://upload-firebasehosting.googleapis.com/upload/sites/diploma-work-a6f85/versions/0714dd1106205043/files/ca3d473028b22f9188f751e495a0db3a177186b8f67d0e67590d8f1499ab801f 200
[debug] [2026-02-16T13:25:10.897Z] <<< [apiv2][body] POST https://upload-firebasehosting.googleapis.com/upload/sites/diploma-work-a6f85/versions/0714dd1106205043/files/ca3d473028b22f9188f751e495a0db3a177186b8f67d0e67590d8f1499ab801f [stream]
[debug] [2026-02-16T13:25:10.902Z] <<< [apiv2][status] POST https://upload-firebasehosting.googleapis.com/upload/sites/diploma-work-a6f85/versions/0714dd1106205043/files/d13205b09ce49f52d6b00a208768f5ebb7eafe024487d4823211d3f5f72065bd 200
[debug] [2026-02-16T13:25:10.902Z] <<< [apiv2][body] POST https://upload-firebasehosting.googleapis.com/upload/sites/diploma-work-a6f85/versions/0714dd1106205043/files/d13205b09ce49f52d6b00a208768f5ebb7eafe024487d4823211d3f5f72065bd [stream]
[debug] [2026-02-16T13:25:10.915Z] <<< [apiv2][status] POST https://upload-firebasehosting.googleapis.com/upload/sites/diploma-work-a6f85/versions/0714dd1106205043/files/945b8c2713d32951fed7d356015abf767e5e7ab6c15731704cba09b56c1f6ef6 200
[debug] [2026-02-16T13:25:10.915Z] <<< [apiv2][body] POST https://upload-firebasehosting.googleapis.com/upload/sites/diploma-work-a6f85/versions/0714dd1106205043/files/945b8c2713d32951fed7d356015abf767e5e7ab6c15731704cba09b56c1f6ef6 [stream]
[debug] [2026-02-16T13:25:10.915Z] <<< [apiv2][status] POST https://upload-firebasehosting.googleapis.com/upload/sites/diploma-work-a6f85/versions/0714dd1106205043/files/88925f4abffa5dd1120599a3a78262eaa131e8a971c01d172da5d42d6695d1ae 200
[debug] [2026-02-16T13:25:10.915Z] <<< [apiv2][body] POST https://upload-firebasehosting.googleapis.com/upload/sites/diploma-work-a6f85/versions/0714dd1106205043/files/88925f4abffa5dd1120599a3a78262eaa131e8a971c01d172da5d42d6695d1ae [stream]
[debug] [2026-02-16T13:25:10.961Z] <<< [apiv2][status] POST https://upload-firebasehosting.googleapis.com/upload/sites/diploma-work-a6f85/versions/0714dd1106205043/files/a3845a2c32856b98cd25e1ed2df3abed9a020319159c049f79aa6bd1180af9d8 200
[debug] [2026-02-16T13:25:10.961Z] <<< [apiv2][body] POST https://upload-firebasehosting.googleapis.com/upload/sites/diploma-work-a6f85/versions/0714dd1106205043/files/a3845a2c32856b98cd25e1ed2df3abed9a020319159c049f79aa6bd1180af9d8 [stream]
[debug] [2026-02-16T13:25:10.964Z] <<< [apiv2][status] POST https://upload-firebasehosting.googleapis.com/upload/sites/diploma-work-a6f85/versions/0714dd1106205043/files/0fe2523f3b196627c2efec9d6b0cd91db29c605004d3a4db3edb261bec05d482 200
[debug] [2026-02-16T13:25:10.965Z] <<< [apiv2][body] POST https://upload-firebasehosting.googleapis.com/upload/sites/diploma-work-a6f85/versions/0714dd1106205043/files/0fe2523f3b196627c2efec9d6b0cd91db29c605004d3a4db3edb261bec05d482 [stream]
[debug] [2026-02-16T13:25:10.965Z] <<< [apiv2][status] POST https://upload-firebasehosting.googleapis.com/upload/sites/diploma-work-a6f85/versions/0714dd1106205043/files/0a8cafe31a1045e6ec064f391517e7d6a58da09a7c9dfff319e69ca4d0e8ef59 200
[debug] [2026-02-16T13:25:10.965Z] <<< [apiv2][body] POST https://upload-firebasehosting.googleapis.com/upload/sites/diploma-work-a6f85/versions/0714dd1106205043/files/0a8cafe31a1045e6ec064f391517e7d6a58da09a7c9dfff319e69ca4d0e8ef59 [stream]
[debug] [2026-02-16T13:25:10.966Z] <<< [apiv2][status] POST https://upload-firebasehosting.googleapis.com/upload/sites/diploma-work-a6f85/versions/0714dd1106205043/files/df2d04fcfd78a0f2b9cdb4e7c8aa49b5eb88ec8738744c85b3d9fbce9bc354ea 200
[debug] [2026-02-16T13:25:10.966Z] <<< [apiv2][body] POST https://upload-firebasehosting.googleapis.com/upload/sites/diploma-work-a6f85/versions/0714dd1106205043/files/df2d04fcfd78a0f2b9cdb4e7c8aa49b5eb88ec8738744c85b3d9fbce9bc354ea [stream]
[debug] [2026-02-16T13:25:10.991Z] <<< [apiv2][status] POST https://upload-firebasehosting.googleapis.com/upload/sites/diploma-work-a6f85/versions/0714dd1106205043/files/b771b6554a76a7430bdc806763b71461f1cdcb21bdaf98f0024a6a3e2807bb5d 200
[debug] [2026-02-16T13:25:10.991Z] <<< [apiv2][body] POST https://upload-firebasehosting.googleapis.com/upload/sites/diploma-work-a6f85/versions/0714dd1106205043/files/b771b6554a76a7430bdc806763b71461f1cdcb21bdaf98f0024a6a3e2807bb5d [stream]
[debug] [2026-02-16T13:25:11.012Z] <<< [apiv2][status] POST https://upload-firebasehosting.googleapis.com/upload/sites/diploma-work-a6f85/versions/0714dd1106205043/files/b957fd98c460d372b6297917adad7dd4a6f296c6a388f2625824d745bda0218e 200
[debug] [2026-02-16T13:25:11.012Z] <<< [apiv2][body] POST https://upload-firebasehosting.googleapis.com/upload/sites/diploma-work-a6f85/versions/0714dd1106205043/files/b957fd98c460d372b6297917adad7dd4a6f296c6a388f2625824d745bda0218e [stream]
[debug] [2026-02-16T13:25:11.033Z] <<< [apiv2][status] POST https://upload-firebasehosting.googleapis.com/upload/sites/diploma-work-a6f85/versions/0714dd1106205043/files/848603daf0cb4340941e893a14d7ecc36ab4e65542670352fd9b3259d0a9a094 200
[debug] [2026-02-16T13:25:11.033Z] <<< [apiv2][body] POST https://upload-firebasehosting.googleapis.com/upload/sites/diploma-work-a6f85/versions/0714dd1106205043/files/848603daf0cb4340941e893a14d7ecc36ab4e65542670352fd9b3259d0a9a094 [stream]
[debug] [2026-02-16T13:25:11.048Z] <<< [apiv2][status] POST https://upload-firebasehosting.googleapis.com/upload/sites/diploma-work-a6f85/versions/0714dd1106205043/files/ef1b2693ab9f32e1e6901908ddadadf261eb4ec348b2b749b94a177908ab33e5 200
[debug] [2026-02-16T13:25:11.048Z] <<< [apiv2][body] POST https://upload-firebasehosting.googleapis.com/upload/sites/diploma-work-a6f85/versions/0714dd1106205043/files/ef1b2693ab9f32e1e6901908ddadadf261eb4ec348b2b749b94a177908ab33e5 [stream]
[debug] [2026-02-16T13:25:11.056Z] <<< [apiv2][status] POST https://upload-firebasehosting.googleapis.com/upload/sites/diploma-work-a6f85/versions/0714dd1106205043/files/910b0c7217567409c6e60544335336980af279751a7487ecf82cfaea088d942c 200
[debug] [2026-02-16T13:25:11.057Z] <<< [apiv2][body] POST https://upload-firebasehosting.googleapis.com/upload/sites/diploma-work-a6f85/versions/0714dd1106205043/files/910b0c7217567409c6e60544335336980af279751a7487ecf82cfaea088d942c [stream]
[debug] [2026-02-16T13:25:11.066Z] <<< [apiv2][status] POST https://upload-firebasehosting.googleapis.com/upload/sites/diploma-work-a6f85/versions/0714dd1106205043/files/09cf748da8778a9ab8480682f41939f6a5c0aefe0913d50e5a29d8c4d7d03439 200
[debug] [2026-02-16T13:25:11.067Z] <<< [apiv2][body] POST https://upload-firebasehosting.googleapis.com/upload/sites/diploma-work-a6f85/versions/0714dd1106205043/files/09cf748da8778a9ab8480682f41939f6a5c0aefe0913d50e5a29d8c4d7d03439 [stream]
[debug] [2026-02-16T13:25:11.092Z] <<< [apiv2][status] POST https://upload-firebasehosting.googleapis.com/upload/sites/diploma-work-a6f85/versions/0714dd1106205043/files/2e3570c38e90c3172fb60b6177042275d45d8de45330836944b3afe8c546ccbe 200
[debug] [2026-02-16T13:25:11.092Z] <<< [apiv2][body] POST https://upload-firebasehosting.googleapis.com/upload/sites/diploma-work-a6f85/versions/0714dd1106205043/files/2e3570c38e90c3172fb60b6177042275d45d8de45330836944b3afe8c546ccbe [stream]
[debug] [2026-02-16T13:25:11.111Z] <<< [apiv2][status] POST https://upload-firebasehosting.googleapis.com/upload/sites/diploma-work-a6f85/versions/0714dd1106205043/files/97cab1fbf04b3737914901578b4d4bf8468b5cede61553e4ab9868b7197f2a55 200
[debug] [2026-02-16T13:25:11.111Z] <<< [apiv2][body] POST https://upload-firebasehosting.googleapis.com/upload/sites/diploma-work-a6f85/versions/0714dd1106205043/files/97cab1fbf04b3737914901578b4d4bf8468b5cede61553e4ab9868b7197f2a55 [stream]
[debug] [2026-02-16T13:25:11.114Z] <<< [apiv2][status] POST https://upload-firebasehosting.googleapis.com/upload/sites/diploma-work-a6f85/versions/0714dd1106205043/files/4d11839b36fd32974f91a1544fc2743ad350d0e82f60a3dc482f11d635ea5421 200
[debug] [2026-02-16T13:25:11.114Z] <<< [apiv2][body] POST https://upload-firebasehosting.googleapis.com/upload/sites/diploma-work-a6f85/versions/0714dd1106205043/files/4d11839b36fd32974f91a1544fc2743ad350d0e82f60a3dc482f11d635ea5421 [stream]
[debug] [2026-02-16T13:25:11.150Z] <<< [apiv2][status] POST https://upload-firebasehosting.googleapis.com/upload/sites/diploma-work-a6f85/versions/0714dd1106205043/files/2452de990a51e4b6df314dce64b1464516dc0d29993a175f11450f00d20f1a4e 200
[debug] [2026-02-16T13:25:11.150Z] <<< [apiv2][body] POST https://upload-firebasehosting.googleapis.com/upload/sites/diploma-work-a6f85/versions/0714dd1106205043/files/2452de990a51e4b6df314dce64b1464516dc0d29993a175f11450f00d20f1a4e [stream]
[debug] [2026-02-16T13:25:11.168Z] <<< [apiv2][status] POST https://upload-firebasehosting.googleapis.com/upload/sites/diploma-work-a6f85/versions/0714dd1106205043/files/5cc562b2635abd3fdb6bd717adbbfefa0a24aa40c938ffd56d8be2454d881e61 200
[debug] [2026-02-16T13:25:11.168Z] <<< [apiv2][body] POST https://upload-firebasehosting.googleapis.com/upload/sites/diploma-work-a6f85/versions/0714dd1106205043/files/5cc562b2635abd3fdb6bd717adbbfefa0a24aa40c938ffd56d8be2454d881e61 [stream]
[debug] [2026-02-16T13:25:11.203Z] <<< [apiv2][status] POST https://upload-firebasehosting.googleapis.com/upload/sites/diploma-work-a6f85/versions/0714dd1106205043/files/02f800cd468000291dcfc5b9e88796d0153479412443f99419ba10b830292357 200
[debug] [2026-02-16T13:25:11.203Z] <<< [apiv2][body] POST https://upload-firebasehosting.googleapis.com/upload/sites/diploma-work-a6f85/versions/0714dd1106205043/files/02f800cd468000291dcfc5b9e88796d0153479412443f99419ba10b830292357 [stream]
[debug] [2026-02-16T13:25:11.231Z] <<< [apiv2][status] POST https://upload-firebasehosting.googleapis.com/upload/sites/diploma-work-a6f85/versions/0714dd1106205043/files/588a0ca8f101f0c4b6dda3dc1e7f80c558706dd5c9cac37e594344b356b74a45 200
[debug] [2026-02-16T13:25:11.231Z] <<< [apiv2][body] POST https://upload-firebasehosting.googleapis.com/upload/sites/diploma-work-a6f85/versions/0714dd1106205043/files/588a0ca8f101f0c4b6dda3dc1e7f80c558706dd5c9cac37e594344b356b74a45 [stream]
[debug] [2026-02-16T13:25:11.252Z] <<< [apiv2][status] POST https://upload-firebasehosting.googleapis.com/upload/sites/diploma-work-a6f85/versions/0714dd1106205043/files/6e5cb0e5dc62f43459142e048db68f27c3e7427ad66dd9701a99893ea5e7cc3f 200
[debug] [2026-02-16T13:25:11.252Z] <<< [apiv2][body] POST https://upload-firebasehosting.googleapis.com/upload/sites/diploma-work-a6f85/versions/0714dd1106205043/files/6e5cb0e5dc62f43459142e048db68f27c3e7427ad66dd9701a99893ea5e7cc3f [stream]
[debug] [2026-02-16T13:25:11.262Z] <<< [apiv2][status] POST https://upload-firebasehosting.googleapis.com/upload/sites/diploma-work-a6f85/versions/0714dd1106205043/files/f6a49bccf1a2e7dd0ab6fee12e483afe11b240943f8c40d54a072b00506eaee5 200
[debug] [2026-02-16T13:25:11.262Z] <<< [apiv2][body] POST https://upload-firebasehosting.googleapis.com/upload/sites/diploma-work-a6f85/versions/0714dd1106205043/files/f6a49bccf1a2e7dd0ab6fee12e483afe11b240943f8c40d54a072b00506eaee5 [stream]
[debug] [2026-02-16T13:25:11.285Z] <<< [apiv2][status] POST https://upload-firebasehosting.googleapis.com/upload/sites/diploma-work-a6f85/versions/0714dd1106205043/files/1131102914cb6ea5d02aaae27fa9f29f9ca6c8cf34fe2a8b420b1449524ed819 200
[debug] [2026-02-16T13:25:11.285Z] <<< [apiv2][body] POST https://upload-firebasehosting.googleapis.com/upload/sites/diploma-work-a6f85/versions/0714dd1106205043/files/1131102914cb6ea5d02aaae27fa9f29f9ca6c8cf34fe2a8b420b1449524ed819 [stream]
[debug] [2026-02-16T13:25:11.286Z] <<< [apiv2][status] POST https://upload-firebasehosting.googleapis.com/upload/sites/diploma-work-a6f85/versions/0714dd1106205043/files/724fff5f7cb8a82af843081d9014d847cb3a51de8002c2153b8f98b7ebebeec9 200
[debug] [2026-02-16T13:25:11.286Z] <<< [apiv2][body] POST https://upload-firebasehosting.googleapis.com/upload/sites/diploma-work-a6f85/versions/0714dd1106205043/files/724fff5f7cb8a82af843081d9014d847cb3a51de8002c2153b8f98b7ebebeec9 [stream]
[debug] [2026-02-16T13:25:11.294Z] <<< [apiv2][status] POST https://upload-firebasehosting.googleapis.com/upload/sites/diploma-work-a6f85/versions/0714dd1106205043/files/20f5cfa3acbeaffccbfdcbfb646d8f40ab472b3bdb3501505535a90b520a50b8 200
[debug] [2026-02-16T13:25:11.294Z] <<< [apiv2][body] POST https://upload-firebasehosting.googleapis.com/upload/sites/diploma-work-a6f85/versions/0714dd1106205043/files/20f5cfa3acbeaffccbfdcbfb646d8f40ab472b3bdb3501505535a90b520a50b8 [stream]
[debug] [2026-02-16T13:25:11.295Z] <<< [apiv2][status] POST https://upload-firebasehosting.googleapis.com/upload/sites/diploma-work-a6f85/versions/0714dd1106205043/files/df440e93946835a31049f5949b32ab788d3192ec1130cbed356411d41e944e5e 200
[debug] [2026-02-16T13:25:11.295Z] <<< [apiv2][body] POST https://upload-firebasehosting.googleapis.com/upload/sites/diploma-work-a6f85/versions/0714dd1106205043/files/df440e93946835a31049f5949b32ab788d3192ec1130cbed356411d41e944e5e [stream]
[debug] [2026-02-16T13:25:11.305Z] <<< [apiv2][status] POST https://upload-firebasehosting.googleapis.com/upload/sites/diploma-work-a6f85/versions/0714dd1106205043/files/f1f8e19391abef74ae53f37201552884db1311df60747b0fa51999b46c5d50da 200
[debug] [2026-02-16T13:25:11.305Z] <<< [apiv2][body] POST https://upload-firebasehosting.googleapis.com/upload/sites/diploma-work-a6f85/versions/0714dd1106205043/files/f1f8e19391abef74ae53f37201552884db1311df60747b0fa51999b46c5d50da [stream]
[debug] [2026-02-16T13:25:11.310Z] <<< [apiv2][status] POST https://upload-firebasehosting.googleapis.com/upload/sites/diploma-work-a6f85/versions/0714dd1106205043/files/c4d18b3f13a2c018f67277c0bc6dbbef692a27bed58ef20163137cadb6f93c3b 200
[debug] [2026-02-16T13:25:11.310Z] <<< [apiv2][body] POST https://upload-firebasehosting.googleapis.com/upload/sites/diploma-work-a6f85/versions/0714dd1106205043/files/c4d18b3f13a2c018f67277c0bc6dbbef692a27bed58ef20163137cadb6f93c3b [stream]
[debug] [2026-02-16T13:25:11.315Z] <<< [apiv2][status] POST https://upload-firebasehosting.googleapis.com/upload/sites/diploma-work-a6f85/versions/0714dd1106205043/files/4e7973b72ecdcaefb2795ef6a30a47b7d713379b754ed93fa8af35959f565ef5 200
[debug] [2026-02-16T13:25:11.315Z] <<< [apiv2][body] POST https://upload-firebasehosting.googleapis.com/upload/sites/diploma-work-a6f85/versions/0714dd1106205043/files/4e7973b72ecdcaefb2795ef6a30a47b7d713379b754ed93fa8af35959f565ef5 [stream]
[debug] [2026-02-16T13:25:11.347Z] <<< [apiv2][status] POST https://upload-firebasehosting.googleapis.com/upload/sites/diploma-work-a6f85/versions/0714dd1106205043/files/92015c34aba4b8617adfac89b70167c4e072bef45749722349f929fd722ab5db 200
[debug] [2026-02-16T13:25:11.347Z] <<< [apiv2][body] POST https://upload-firebasehosting.googleapis.com/upload/sites/diploma-work-a6f85/versions/0714dd1106205043/files/92015c34aba4b8617adfac89b70167c4e072bef45749722349f929fd722ab5db [stream]
[debug] [2026-02-16T13:25:11.422Z] <<< [apiv2][status] POST https://upload-firebasehosting.googleapis.com/upload/sites/diploma-work-a6f85/versions/0714dd1106205043/files/8b14da88a4847fac2095c99d81b2ea0db820cc6151f29445831182406b537644 200
[debug] [2026-02-16T13:25:11.422Z] <<< [apiv2][body] POST https://upload-firebasehosting.googleapis.com/upload/sites/diploma-work-a6f85/versions/0714dd1106205043/files/8b14da88a4847fac2095c99d81b2ea0db820cc6151f29445831182406b537644 [stream]
[debug] [2026-02-16T13:25:11.567Z] <<< [apiv2][status] POST https://upload-firebasehosting.googleapis.com/upload/sites/diploma-work-a6f85/versions/0714dd1106205043/files/6fcba895f80c9e64a049f3b2a1b911afbbc93b5ee3a3d8f77d1b330a876e6e92 200
[debug] [2026-02-16T13:25:11.567Z] <<< [apiv2][body] POST https://upload-firebasehosting.googleapis.com/upload/sites/diploma-work-a6f85/versions/0714dd1106205043/files/6fcba895f80c9e64a049f3b2a1b911afbbc93b5ee3a3d8f77d1b330a876e6e92 [stream]
[debug] [2026-02-16T13:25:11.814Z] <<< [apiv2][status] POST https://upload-firebasehosting.googleapis.com/upload/sites/diploma-work-a6f85/versions/0714dd1106205043/files/06277c37962938d34b919d83d68190aeab7f1a2b9ba89fe7600cc310c962f55b 200
[debug] [2026-02-16T13:25:11.814Z] <<< [apiv2][body] POST https://upload-firebasehosting.googleapis.com/upload/sites/diploma-work-a6f85/versions/0714dd1106205043/files/06277c37962938d34b919d83d68190aeab7f1a2b9ba89fe7600cc310c962f55b [stream]
[debug] [2026-02-16T13:25:11.814Z] [hosting][upload queue][FINAL] {"max":3282,"min":1581,"avg":2421.481481481481,"active":0,"complete":54,"success":54,"errored":0,"retried":0,"total":54,"elapsed":3285}
[info] ✔  hosting[diploma-work-a6f85]: file upload complete 
[debug] [2026-02-16T13:25:11.815Z] [hosting] deploy completed after 4223ms
[debug] [2026-02-16T13:25:11.815Z] [
  {
    "config": {
      "public": ".",
      "ignore": [
        "firebase.json",
        ".firebaserc",
        "*.py",
        "raw_page.html",
        "all_images.json",
        "node_modules"
      ],
      "site": "diploma-work-a6f85"
    },
    "version": "projects/708828846223/sites/diploma-work-a6f85/versions/0714dd1106205043"
  }
]
[info] i  hosting[diploma-work-a6f85]: finalizing version... 
[debug] [2026-02-16T13:25:11.817Z] Checked if tokens are valid: true, expires at: 1771250187807
[debug] [2026-02-16T13:25:11.817Z] Checked if tokens are valid: true, expires at: 1771250187807
[debug] [2026-02-16T13:25:11.818Z] >>> [apiv2][query] PATCH https://firebasehosting.googleapis.com/v1beta1/projects/-/sites/diploma-work-a6f85/versions/0714dd1106205043 updateMask=status%2Cconfig
[debug] [2026-02-16T13:25:11.818Z] >>> [apiv2][body] PATCH https://firebasehosting.googleapis.com/v1beta1/projects/-/sites/diploma-work-a6f85/versions/0714dd1106205043 {"status":"FINALIZED","config":{}}
